<?xml version="1.0" encoding="UTF-8"?>
<testsuites>
  <testsuite name="fastlane.lanes">
    
    
    
      
      <testcase classname="fastlane.lanes" name="0: Verifying fastlane version" time="0.000228">
        
      </testcase>
    
      
      <testcase classname="fastlane.lanes" name="1: default_platform" time="6.5e-05">
        
      </testcase>
    
      
      <testcase classname="fastlane.lanes" name="2: cd .. &amp;&amp; xcodebuild test -project ArticalesApp.xcodeproj -scheme ArticalesApp -destination &apos;platform=iOS Simulator,name=iPhone 16 Pro&apos;" time="128.301862">
        
          <failure message="/Users/kareem/.rbenv/versions/3.0.0/lib/ruby/gems/3.0.0/gems/fastlane-2.228.0/fastlane/lib/fastlane/actions/actions_helper.rb:67:in `execute_action&apos;&#10;/Users/kareem/.rbenv/versions/3.0.0/lib/ruby/gems/3.0.0/gems/fastlane-2.228.0/fastlane/lib/fastlane/fast_file.rb:224:in `sh&apos;&#10;/Users/kareem/.rbenv/versions/3.0.0/lib/ruby/gems/3.0.0/gems/fastlane-2.228.0/fastlane/lib/fastlane/fast_file.rb:216:in `sh&apos;&#10;Fastfile:15:in `block (2 levels) in parsing_binding&apos;&#10;/Users/kareem/.rbenv/versions/3.0.0/lib/ruby/gems/3.0.0/gems/fastlane-2.228.0/fastlane/lib/fastlane/lane.rb:41:in `call&apos;&#10;/Users/kareem/.rbenv/versions/3.0.0/lib/ruby/gems/3.0.0/gems/fastlane-2.228.0/fastlane/lib/fastlane/runner.rb:49:in `block in execute&apos;&#10;/Users/kareem/.rbenv/versions/3.0.0/lib/ruby/gems/3.0.0/gems/fastlane-2.228.0/fastlane/lib/fastlane/runner.rb:45:in `chdir&apos;&#10;/Users/kareem/.rbenv/versions/3.0.0/lib/ruby/gems/3.0.0/gems/fastlane-2.228.0/fastlane/lib/fastlane/runner.rb:45:in `execute&apos;&#10;/Users/kareem/.rbenv/versions/3.0.0/lib/ruby/gems/3.0.0/gems/fastlane-2.228.0/fastlane/lib/fastlane/lane_manager.rb:46:in `cruise_lane&apos;&#10;/Users/kareem/.rbenv/versions/3.0.0/lib/ruby/gems/3.0.0/gems/fastlane-2.228.0/fastlane/lib/fastlane/command_line_handler.rb:34:in `handle&apos;&#10;/Users/kareem/.rbenv/versions/3.0.0/lib/ruby/gems/3.0.0/gems/fastlane-2.228.0/fastlane/lib/fastlane/commands_generator.rb:110:in `block (2 levels) in run&apos;&#10;/Users/kareem/.rbenv/versions/3.0.0/lib/ruby/gems/3.0.0/gems/commander-4.6.0/lib/commander/command.rb:187:in `call&apos;&#10;/Users/kareem/.rbenv/versions/3.0.0/lib/ruby/gems/3.0.0/gems/commander-4.6.0/lib/commander/command.rb:157:in `run&apos;&#10;/Users/kareem/.rbenv/versions/3.0.0/lib/ruby/gems/3.0.0/gems/commander-4.6.0/lib/commander/runner.rb:444:in `run_active_command&apos;&#10;/Users/kareem/.rbenv/versions/3.0.0/lib/ruby/gems/3.0.0/gems/fastlane-2.228.0/fastlane_core/lib/fastlane_core/ui/fastlane_runner.rb:124:in `run!&apos;&#10;/Users/kareem/.rbenv/versions/3.0.0/lib/ruby/gems/3.0.0/gems/commander-4.6.0/lib/commander/delegates.rb:18:in `run!&apos;&#10;/Users/kareem/.rbenv/versions/3.0.0/lib/ruby/gems/3.0.0/gems/fastlane-2.228.0/fastlane/lib/fastlane/commands_generator.rb:363:in `run&apos;&#10;/Users/kareem/.rbenv/versions/3.0.0/lib/ruby/gems/3.0.0/gems/fastlane-2.228.0/fastlane/lib/fastlane/commands_generator.rb:43:in `start&apos;&#10;/Users/kareem/.rbenv/versions/3.0.0/lib/ruby/gems/3.0.0/gems/fastlane-2.228.0/fastlane/lib/fastlane/cli_tools_distributor.rb:123:in `take_off&apos;&#10;/Users/kareem/.rbenv/versions/3.0.0/lib/ruby/gems/3.0.0/gems/fastlane-2.228.0/bin/fastlane:23:in `&lt;top (required)&gt;&apos;&#10;/Users/kareem/.rbenv/versions/3.0.0/bin/fastlane:23:in `load&apos;&#10;/Users/kareem/.rbenv/versions/3.0.0/bin/fastlane:23:in `&lt;top (required)&gt;&apos;&#10;/Users/kareem/.rbenv/versions/3.0.0/lib/ruby/gems/3.0.0/gems/bundler-2.5.23/lib/bundler/cli/exec.rb:58:in `load&apos;&#10;/Users/kareem/.rbenv/versions/3.0.0/lib/ruby/gems/3.0.0/gems/bundler-2.5.23/lib/bundler/cli/exec.rb:58:in `kernel_load&apos;&#10;/Users/kareem/.rbenv/versions/3.0.0/lib/ruby/gems/3.0.0/gems/bundler-2.5.23/lib/bundler/cli/exec.rb:23:in `run&apos;&#10;/Users/kareem/.rbenv/versions/3.0.0/lib/ruby/gems/3.0.0/gems/bundler-2.5.23/lib/bundler/cli.rb:456:in `exec&apos;&#10;/Users/kareem/.rbenv/versions/3.0.0/lib/ruby/gems/3.0.0/gems/bundler-2.5.23/lib/bundler/vendor/thor/lib/thor/command.rb:28:in `run&apos;&#10;/Users/kareem/.rbenv/versions/3.0.0/lib/ruby/gems/3.0.0/gems/bundler-2.5.23/lib/bundler/vendor/thor/lib/thor/invocation.rb:127:in `invoke_command&apos;&#10;/Users/kareem/.rbenv/versions/3.0.0/lib/ruby/gems/3.0.0/gems/bundler-2.5.23/lib/bundler/vendor/thor/lib/thor.rb:527:in `dispatch&apos;&#10;/Users/kareem/.rbenv/versions/3.0.0/lib/ruby/gems/3.0.0/gems/bundler-2.5.23/lib/bundler/cli.rb:35:in `dispatch&apos;&#10;/Users/kareem/.rbenv/versions/3.0.0/lib/ruby/gems/3.0.0/gems/bundler-2.5.23/lib/bundler/vendor/thor/lib/thor/base.rb:584:in `start&apos;&#10;/Users/kareem/.rbenv/versions/3.0.0/lib/ruby/gems/3.0.0/gems/bundler-2.5.23/lib/bundler/cli.rb:29:in `start&apos;&#10;/Users/kareem/.rbenv/versions/3.0.0/lib/ruby/gems/3.0.0/gems/bundler-2.5.23/exe/bundle:28:in `block in &lt;top (required)&gt;&apos;&#10;/Users/kareem/.rbenv/versions/3.0.0/lib/ruby/gems/3.0.0/gems/bundler-2.5.23/lib/bundler/friendly_errors.rb:117:in `with_friendly_errors&apos;&#10;/Users/kareem/.rbenv/versions/3.0.0/lib/ruby/gems/3.0.0/gems/bundler-2.5.23/exe/bundle:20:in `&lt;top (required)&gt;&apos;&#10;/Users/kareem/.rbenv/versions/3.0.0/bin/bundle:23:in `load&apos;&#10;/Users/kareem/.rbenv/versions/3.0.0/bin/bundle:23:in `&lt;main&gt;&apos;&#10;&#10;Exit status of command &apos;cd .. &amp;&amp; xcodebuild test -project ArticalesApp.xcodeproj -scheme ArticalesApp -destination &apos;platform=iOS Simulator,name=iPhone 16 Pro&apos;&apos; was 65 instead of 0.&#10;Command line invocation:&#10;    /Applications/Xcode.app/Contents/Developer/usr/bin/xcodebuild test -project ArticalesApp.xcodeproj -scheme ArticalesApp -destination &quot;platform=iOS Simulator,name=iPhone 16 Pro&quot;&#10;&#10;User defaults from command line:&#10;    IDEPackageSupportUseBuiltinSCM = YES&#10;&#10;--- xcodebuild: WARNING: Using the first of multiple matching destinations:&#10;{ platform:iOS Simulator, id:9684F521-DE93-4DD0-891B-6877D4B95546, OS:18.2, name:iPhone 16 Pro }&#10;{ platform:iOS Simulator, id:9684F521-DE93-4DD0-891B-6877D4B95546, OS:18.2, name:iPhone 16 Pro }&#10;Prepare packages&#10;&#10;ComputeTargetDependencyGraph&#10;note: Building targets in dependency order&#10;note: Target dependency graph (2 targets)&#10;    Target &apos;ArticalesAppTests&apos; in project &apos;ArticalesApp&apos;&#10;        âžœ Explicit dependency on target &apos;ArticalesApp&apos; in project &apos;ArticalesApp&apos;&#10;    Target &apos;ArticalesApp&apos; in project &apos;ArticalesApp&apos; (no dependencies)&#10;&#10;GatherProvisioningInputs&#10;&#10;CreateBuildDescription&#10;&#10;ExecuteExternalTool /Applications/Xcode.app/Contents/Developer/usr/bin/actool --print-asset-tag-combinations --output-format xml1 /Users/kareem/ArticalesApp/ArticalesApp/Preview Content/Preview Assets.xcassets /Users/kareem/ArticalesApp/ArticalesApp/Assets.xcassets&#10;&#10;ExecuteExternalTool /Applications/Xcode.app/Contents/Developer/Toolchains/XcodeDefault.xctoolchain/usr/bin/swiftc --version&#10;&#10;ExecuteExternalTool /Applications/Xcode.app/Contents/Developer/Toolchains/XcodeDefault.xctoolchain/usr/bin/clang -v -E -dM -isysroot /Applications/Xcode.app/Contents/Developer/Platforms/iPhoneSimulator.platform/Developer/SDKs/iPhoneSimulator18.2.sdk -x c -c /dev/null&#10;&#10;ExecuteExternalTool /Applications/Xcode.app/Contents/Developer/Toolchains/XcodeDefault.xctoolchain/usr/bin/ld -version_details&#10;&#10;ExecuteExternalTool /Applications/Xcode.app/Contents/Developer/usr/bin/actool --version --output-format xml1&#10;&#10;Build description signature: d67e3972d5ec46a98ee1fe816793b90a&#10;Build description path: /Users/kareem/Library/Developer/Xcode/DerivedData/ArticalesApp-bmqrwhrpbladbmcpdixnlvujyubx/Build/Intermediates.noindex/XCBuildData/d67e3972d5ec46a98ee1fe816793b90a.xcbuilddata&#10;ClangStatCache /Applications/Xcode.app/Contents/Developer/Toolchains/XcodeDefault.xctoolchain/usr/bin/clang-stat-cache /Applications/Xcode.app/Contents/Developer/Platforms/iPhoneSimulator.platform/Developer/SDKs/iPhoneSimulator18.2.sdk /Users/kareem/Library/Developer/Xcode/DerivedData/SDKStatCaches.noindex/iphonesimulator18.2-22C146-07b28473f605e47e75261259d3ef3b5a.sdkstatcache&#10;    cd /Users/kareem/ArticalesApp/ArticalesApp.xcodeproj&#10;    /Applications/Xcode.app/Contents/Developer/Toolchains/XcodeDefault.xctoolchain/usr/bin/clang-stat-cache /Applications/Xcode.app/Contents/Developer/Platforms/iPhoneSimulator.platform/Developer/SDKs/iPhoneSimulator18.2.sdk -o /Users/kareem/Library/Developer/Xcode/DerivedData/SDKStatCaches.noindex/iphonesimulator18.2-22C146-07b28473f605e47e75261259d3ef3b5a.sdkstatcache&#10;&#10;MkDir /Users/kareem/Library/Developer/Xcode/DerivedData/ArticalesApp-bmqrwhrpbladbmcpdixnlvujyubx/Build/Products/Debug-iphonesimulator/ArticalesApp.app/PlugIns/ArticalesAppTests.xctest (in target &apos;ArticalesAppTests&apos; from project &apos;ArticalesApp&apos;)&#10;    cd /Users/kareem/ArticalesApp&#10;    /bin/mkdir -p /Users/kareem/Library/Developer/Xcode/DerivedData/ArticalesApp-bmqrwhrpbladbmcpdixnlvujyubx/Build/Products/Debug-iphonesimulator/ArticalesApp.app/PlugIns/ArticalesAppTests.xctest&#10;&#10;WriteAuxiliaryFile /Users/kareem/Library/Developer/Xcode/DerivedData/ArticalesApp-bmqrwhrpbladbmcpdixnlvujyubx/Build/Intermediates.noindex/ArticalesApp.build/Debug-iphonesimulator/ArticalesApp.build/Objects-normal/arm64/ArticalesApp.LinkFileList (in target &apos;ArticalesApp&apos; from project &apos;ArticalesApp&apos;)&#10;    cd /Users/kareem/ArticalesApp&#10;    write-file /Users/kareem/Library/Developer/Xcode/DerivedData/ArticalesApp-bmqrwhrpbladbmcpdixnlvujyubx/Build/Intermediates.noindex/ArticalesApp.build/Debug-iphonesimulator/ArticalesApp.build/Objects-normal/arm64/ArticalesApp.LinkFileList&#10;&#10;WriteAuxiliaryFile /Users/kareem/Library/Developer/Xcode/DerivedData/ArticalesApp-bmqrwhrpbladbmcpdixnlvujyubx/Build/Intermediates.noindex/ArticalesApp.build/Debug-iphonesimulator/ArticalesApp.build/Objects-normal/arm64/ArticalesApp.SwiftFileList (in target &apos;ArticalesApp&apos; from project &apos;ArticalesApp&apos;)&#10;    cd /Users/kareem/ArticalesApp&#10;    write-file /Users/kareem/Library/Developer/Xcode/DerivedData/ArticalesApp-bmqrwhrpbladbmcpdixnlvujyubx/Build/Intermediates.noindex/ArticalesApp.build/Debug-iphonesimulator/ArticalesApp.build/Objects-normal/arm64/ArticalesApp.SwiftFileList&#10;&#10;MkDir /Users/kareem/Library/Developer/Xcode/DerivedData/ArticalesApp-bmqrwhrpbladbmcpdixnlvujyubx/Build/Products/Debug-iphonesimulator/ArticalesApp.app/PlugIns (in target &apos;ArticalesApp&apos; from project &apos;ArticalesApp&apos;)&#10;    cd /Users/kareem/ArticalesApp&#10;    /bin/mkdir -p /Users/kareem/Library/Developer/Xcode/DerivedData/ArticalesApp-bmqrwhrpbladbmcpdixnlvujyubx/Build/Products/Debug-iphonesimulator/ArticalesApp.app/PlugIns&#10;&#10;WriteAuxiliaryFile /Users/kareem/Library/Developer/Xcode/DerivedData/ArticalesApp-bmqrwhrpbladbmcpdixnlvujyubx/Build/Intermediates.noindex/ArticalesApp.build/Debug-iphonesimulator/ArticalesApp.build/Objects-normal/arm64/ArticalesApp.SwiftConstValuesFileList (in target &apos;ArticalesApp&apos; from project &apos;ArticalesApp&apos;)&#10;    cd /Users/kareem/ArticalesApp&#10;    write-file /Users/kareem/Library/Developer/Xcode/DerivedData/ArticalesApp-bmqrwhrpbladbmcpdixnlvujyubx/Build/Intermediates.noindex/ArticalesApp.build/Debug-iphonesimulator/ArticalesApp.build/Objects-normal/arm64/ArticalesApp.SwiftConstValuesFileList&#10;&#10;MkDir /Users/kareem/Library/Developer/Xcode/DerivedData/ArticalesApp-bmqrwhrpbladbmcpdixnlvujyubx/Build/Products/Debug-iphonesimulator/ArticalesApp.app/Frameworks (in target &apos;ArticalesApp&apos; from project &apos;ArticalesApp&apos;)&#10;    cd /Users/kareem/ArticalesApp&#10;    /bin/mkdir -p /Users/kareem/Library/Developer/Xcode/DerivedData/ArticalesApp-bmqrwhrpbladbmcpdixnlvujyubx/Build/Products/Debug-iphonesimulator/ArticalesApp.app/Frameworks&#10;&#10;ProcessProductPackaging &quot;&quot; /Users/kareem/Library/Developer/Xcode/DerivedData/ArticalesApp-bmqrwhrpbladbmcpdixnlvujyubx/Build/Intermediates.noindex/ArticalesApp.build/Debug-iphonesimulator/ArticalesApp.build/ArticalesApp.app-Simulated.xcent (in target &apos;ArticalesApp&apos; from project &apos;ArticalesApp&apos;)&#10;    cd /Users/kareem/ArticalesApp&#10;    &#10;    Entitlements:&#10;    &#10;    {&#10;    &quot;application-identifier&quot; = &quot;C33R2XF7ZD.com.kareem.ArticalesApp.ArticalesApp&quot;;&#10;}&#10;    &#10;    builtin-productPackagingUtility -entitlements -format xml -o /Users/kareem/Library/Developer/Xcode/DerivedData/ArticalesApp-bmqrwhrpbladbmcpdixnlvujyubx/Build/Intermediates.noindex/ArticalesApp.build/Debug-iphonesimulator/ArticalesApp.build/ArticalesApp.app-Simulated.xcent&#10;&#10;ProcessProductPackagingDER /Users/kareem/Library/Developer/Xcode/DerivedData/ArticalesApp-bmqrwhrpbladbmcpdixnlvujyubx/Build/Intermediates.noindex/ArticalesApp.build/Debug-iphonesimulator/ArticalesApp.build/ArticalesApp.app-Simulated.xcent /Users/kareem/Library/Developer/Xcode/DerivedData/ArticalesApp-bmqrwhrpbladbmcpdixnlvujyubx/Build/Intermediates.noindex/ArticalesApp.build/Debug-iphonesimulator/ArticalesApp.build/ArticalesApp.app-Simulated.xcent.der (in target &apos;ArticalesApp&apos; from project &apos;ArticalesApp&apos;)&#10;    cd /Users/kareem/ArticalesApp&#10;    /usr/bin/derq query -f xml -i /Users/kareem/Library/Developer/Xcode/DerivedData/ArticalesApp-bmqrwhrpbladbmcpdixnlvujyubx/Build/Intermediates.noindex/ArticalesApp.build/Debug-iphonesimulator/ArticalesApp.build/ArticalesApp.app-Simulated.xcent -o /Users/kareem/Library/Developer/Xcode/DerivedData/ArticalesApp-bmqrwhrpbladbmcpdixnlvujyubx/Build/Intermediates.noindex/ArticalesApp.build/Debug-iphonesimulator/ArticalesApp.build/ArticalesApp.app-Simulated.xcent.der --raw&#10;&#10;Copy /Users/kareem/Library/Developer/Xcode/DerivedData/ArticalesApp-bmqrwhrpbladbmcpdixnlvujyubx/Build/Products/Debug-iphonesimulator/ArticalesApp.app/Frameworks/libXCTestSwiftSupport.dylib /Applications/Xcode.app/Contents/Developer/Platforms/iPhoneSimulator.platform/Developer/usr/lib/libXCTestSwiftSupport.dylib (in target &apos;ArticalesApp&apos; from project &apos;ArticalesApp&apos;)&#10;    cd /Users/kareem/ArticalesApp&#10;    builtin-copy -exclude .DS_Store -exclude CVS -exclude .svn -exclude .git -exclude .hg -exclude Headers -exclude PrivateHeaders -exclude Modules -exclude \*.tbd -resolve-src-symlinks /Applications/Xcode.app/Contents/Developer/Platforms/iPhoneSimulator.platform/Developer/usr/lib/libXCTestSwiftSupport.dylib /Users/kareem/Library/Developer/Xcode/DerivedData/ArticalesApp-bmqrwhrpbladbmcpdixnlvujyubx/Build/Products/Debug-iphonesimulator/ArticalesApp.app/Frameworks&#10;&#10;Copy /Users/kareem/Library/Developer/Xcode/DerivedData/ArticalesApp-bmqrwhrpbladbmcpdixnlvujyubx/Build/Products/Debug-iphonesimulator/ArticalesApp.app/Frameworks/libXCTestBundleInject.dylib /Applications/Xcode.app/Contents/Developer/Platforms/iPhoneSimulator.platform/Developer/usr/lib/libXCTestBundleInject.dylib (in target &apos;ArticalesApp&apos; from project &apos;ArticalesApp&apos;)&#10;    cd /Users/kareem/ArticalesApp&#10;    builtin-copy -exclude .DS_Store -exclude CVS -exclude .svn -exclude .git -exclude .hg -exclude Headers -exclude PrivateHeaders -exclude Modules -exclude \*.tbd -resolve-src-symlinks /Applications/Xcode.app/Contents/Developer/Platforms/iPhoneSimulator.platform/Developer/usr/lib/libXCTestBundleInject.dylib /Users/kareem/Library/Developer/Xcode/DerivedData/ArticalesApp-bmqrwhrpbladbmcpdixnlvujyubx/Build/Products/Debug-iphonesimulator/ArticalesApp.app/Frameworks&#10;&#10;Copy /Users/kareem/Library/Developer/Xcode/DerivedData/ArticalesApp-bmqrwhrpbladbmcpdixnlvujyubx/Build/Products/Debug-iphonesimulator/ArticalesApp.app/Frameworks/XCUnit.framework /Applications/Xcode.app/Contents/Developer/Platforms/iPhoneSimulator.platform/Developer/Library/PrivateFrameworks/XCUnit.framework (in target &apos;ArticalesApp&apos; from project &apos;ArticalesApp&apos;)&#10;    cd /Users/kareem/ArticalesApp&#10;    builtin-copy -exclude .DS_Store -exclude CVS -exclude .svn -exclude .git -exclude .hg -exclude Headers -exclude PrivateHeaders -exclude Modules -exclude \*.tbd -resolve-src-symlinks /Applications/Xcode.app/Contents/Developer/Platforms/iPhoneSimulator.platform/Developer/Library/PrivateFrameworks/XCUnit.framework /Users/kareem/Library/Developer/Xcode/DerivedData/ArticalesApp-bmqrwhrpbladbmcpdixnlvujyubx/Build/Products/Debug-iphonesimulator/ArticalesApp.app/Frameworks&#10;&#10;Copy /Users/kareem/Library/Developer/Xcode/DerivedData/ArticalesApp-bmqrwhrpbladbmcpdixnlvujyubx/Build/Products/Debug-iphonesimulator/ArticalesApp.app/Frameworks/XCTestSupport.framework /Applications/Xcode.app/Contents/Developer/Platforms/iPhoneSimulator.platform/Developer/Library/PrivateFrameworks/XCTestSupport.framework (in target &apos;ArticalesApp&apos; from project &apos;ArticalesApp&apos;)&#10;    cd /Users/kareem/ArticalesApp&#10;    builtin-copy -exclude .DS_Store -exclude CVS -exclude .svn -exclude .git -exclude .hg -exclude Headers -exclude PrivateHeaders -exclude Modules -exclude \*.tbd -resolve-src-symlinks /Applications/Xcode.app/Contents/Developer/Platforms/iPhoneSimulator.platform/Developer/Library/PrivateFrameworks/XCTestSupport.framework /Users/kareem/Library/Developer/Xcode/DerivedData/ArticalesApp-bmqrwhrpbladbmcpdixnlvujyubx/Build/Products/Debug-iphonesimulator/ArticalesApp.app/Frameworks&#10;&#10;Copy /Users/kareem/Library/Developer/Xcode/DerivedData/ArticalesApp-bmqrwhrpbladbmcpdixnlvujyubx/Build/Products/Debug-iphonesimulator/ArticalesApp.app/Frameworks/XCUIAutomation.framework /Applications/Xcode.app/Contents/Developer/Platforms/iPhoneSimulator.platform/Developer/Library/PrivateFrameworks/XCUIAutomation.framework (in target &apos;ArticalesApp&apos; from project &apos;ArticalesApp&apos;)&#10;    cd /Users/kareem/ArticalesApp&#10;    builtin-copy -exclude .DS_Store -exclude CVS -exclude .svn -exclude .git -exclude .hg -exclude Headers -exclude PrivateHeaders -exclude Modules -exclude \*.tbd -resolve-src-symlinks /Applications/Xcode.app/Contents/Developer/Platforms/iPhoneSimulator.platform/Developer/Library/PrivateFrameworks/XCUIAutomation.framework /Users/kareem/Library/Developer/Xcode/DerivedData/ArticalesApp-bmqrwhrpbladbmcpdixnlvujyubx/Build/Products/Debug-iphonesimulator/ArticalesApp.app/Frameworks&#10;&#10;Copy /Users/kareem/Library/Developer/Xcode/DerivedData/ArticalesApp-bmqrwhrpbladbmcpdixnlvujyubx/Build/Products/Debug-iphonesimulator/ArticalesApp.app/Frameworks/XCTestCore.framework /Applications/Xcode.app/Contents/Developer/Platforms/iPhoneSimulator.platform/Developer/Library/PrivateFrameworks/XCTestCore.framework (in target &apos;ArticalesApp&apos; from project &apos;ArticalesApp&apos;)&#10;    cd /Users/kareem/ArticalesApp&#10;    builtin-copy -exclude .DS_Store -exclude CVS -exclude .svn -exclude .git -exclude .hg -exclude Headers -exclude PrivateHeaders -exclude Modules -exclude \*.tbd -resolve-src-symlinks /Applications/Xcode.app/Contents/Developer/Platforms/iPhoneSimulator.platform/Developer/Library/PrivateFrameworks/XCTestCore.framework /Users/kareem/Library/Developer/Xcode/DerivedData/ArticalesApp-bmqrwhrpbladbmcpdixnlvujyubx/Build/Products/Debug-iphonesimulator/ArticalesApp.app/Frameworks&#10;&#10;Copy /Users/kareem/Library/Developer/Xcode/DerivedData/ArticalesApp-bmqrwhrpbladbmcpdixnlvujyubx/Build/Products/Debug-iphonesimulator/ArticalesApp.app/Frameworks/XCTest.framework /Applications/Xcode.app/Contents/Developer/Platforms/iPhoneSimulator.platform/Developer/Library/Frameworks/XCTest.framework (in target &apos;ArticalesApp&apos; from project &apos;ArticalesApp&apos;)&#10;    cd /Users/kareem/ArticalesApp&#10;    builtin-copy -exclude .DS_Store -exclude CVS -exclude .svn -exclude .git -exclude .hg -exclude Headers -exclude PrivateHeaders -exclude Modules -exclude \*.tbd -resolve-src-symlinks /Applications/Xcode.app/Contents/Developer/Platforms/iPhoneSimulator.platform/Developer/Library/Frameworks/XCTest.framework /Users/kareem/Library/Developer/Xcode/DerivedData/ArticalesApp-bmqrwhrpbladbmcpdixnlvujyubx/Build/Products/Debug-iphonesimulator/ArticalesApp.app/Frameworks&#10;&#10;Copy /Users/kareem/Library/Developer/Xcode/DerivedData/ArticalesApp-bmqrwhrpbladbmcpdixnlvujyubx/Build/Products/Debug-iphonesimulator/ArticalesApp.app/Frameworks/XCTAutomationSupport.framework /Applications/Xcode.app/Contents/Developer/Platforms/iPhoneSimulator.platform/Developer/Library/PrivateFrameworks/XCTAutomationSupport.framework (in target &apos;ArticalesApp&apos; from project &apos;ArticalesApp&apos;)&#10;    cd /Users/kareem/ArticalesApp&#10;    builtin-copy -exclude .DS_Store -exclude CVS -exclude .svn -exclude .git -exclude .hg -exclude Headers -exclude PrivateHeaders -exclude Modules -exclude \*.tbd -resolve-src-symlinks /Applications/Xcode.app/Contents/Developer/Platforms/iPhoneSimulator.platform/Developer/Library/PrivateFrameworks/XCTAutomationSupport.framework /Users/kareem/Library/Developer/Xcode/DerivedData/ArticalesApp-bmqrwhrpbladbmcpdixnlvujyubx/Build/Products/Debug-iphonesimulator/ArticalesApp.app/Frameworks&#10;&#10;Copy /Users/kareem/Library/Developer/Xcode/DerivedData/ArticalesApp-bmqrwhrpbladbmcpdixnlvujyubx/Build/Products/Debug-iphonesimulator/ArticalesApp.app/Frameworks/Testing.framework /Applications/Xcode.app/Contents/Developer/Platforms/iPhoneSimulator.platform/Developer/Library/Frameworks/Testing.framework (in target &apos;ArticalesApp&apos; from project &apos;ArticalesApp&apos;)&#10;    cd /Users/kareem/ArticalesApp&#10;    builtin-copy -exclude .DS_Store -exclude CVS -exclude .svn -exclude .git -exclude .hg -exclude Headers -exclude PrivateHeaders -exclude Modules -exclude \*.tbd -resolve-src-symlinks /Applications/Xcode.app/Contents/Developer/Platforms/iPhoneSimulator.platform/Developer/Library/Frameworks/Testing.framework /Users/kareem/Library/Developer/Xcode/DerivedData/ArticalesApp-bmqrwhrpbladbmcpdixnlvujyubx/Build/Products/Debug-iphonesimulator/ArticalesApp.app/Frameworks&#10;&#10;CompileAssetCatalogVariant thinned /Users/kareem/Library/Developer/Xcode/DerivedData/ArticalesApp-bmqrwhrpbladbmcpdixnlvujyubx/Build/Products/Debug-iphonesimulator/ArticalesApp.app /Users/kareem/ArticalesApp/ArticalesApp/Preview\ Content/Preview\ Assets.xcassets /Users/kareem/ArticalesApp/ArticalesApp/Assets.xcassets (in target &apos;ArticalesApp&apos; from project &apos;ArticalesApp&apos;)&#10;    cd /Users/kareem/ArticalesApp&#10;    /Applications/Xcode.app/Contents/Developer/usr/bin/actool --output-format human-readable-text --notices --warnings --export-dependency-info /Users/kareem/Library/Developer/Xcode/DerivedData/ArticalesApp-bmqrwhrpbladbmcpdixnlvujyubx/Build/Intermediates.noindex/ArticalesApp.build/Debug-iphonesimulator/ArticalesApp.build/assetcatalog_dependencies_thinned --output-partial-info-plist /Users/kareem/Library/Developer/Xcode/DerivedData/ArticalesApp-bmqrwhrpbladbmcpdixnlvujyubx/Build/Intermediates.noindex/ArticalesApp.build/Debug-iphonesimulator/ArticalesApp.build/assetcatalog_generated_info.plist --app-icon AppIcon --accent-color AccentColor --compress-pngs --enable-on-demand-resources YES --filter-for-thinning-device-configuration iPhone17,1 --filter-for-device-os-version 18.2 --development-region en --target-device iphone --target-device ipad --minimum-deployment-target 18.2 --platform iphonesimulator --compile /Users/kareem/Library/Developer/Xcode/DerivedData/ArticalesApp-bmqrwhrpbladbmcpdixnlvujyubx/Build/Intermediates.noindex/ArticalesApp.build/Debug-iphonesimulator/ArticalesApp.build/assetcatalog_output/thinned /Users/kareem/ArticalesApp/ArticalesApp/Preview\ Content/Preview\ Assets.xcassets /Users/kareem/ArticalesApp/ArticalesApp/Assets.xcassets&#10;/* com.apple.actool.compilation-results */&#10;/Users/kareem/Library/Developer/Xcode/DerivedData/ArticalesApp-bmqrwhrpbladbmcpdixnlvujyubx/Build/Intermediates.noindex/ArticalesApp.build/Debug-iphonesimulator/ArticalesApp.build/assetcatalog_generated_info.plist&#10;&#10;&#10;ProcessInfoPlistFile /Users/kareem/Library/Developer/Xcode/DerivedData/ArticalesApp-bmqrwhrpbladbmcpdixnlvujyubx/Build/Products/Debug-iphonesimulator/ArticalesApp.app/Info.plist /Users/kareem/ArticalesApp/ArticalesApp/Info.plist (in target &apos;ArticalesApp&apos; from project &apos;ArticalesApp&apos;)&#10;    cd /Users/kareem/ArticalesApp&#10;    builtin-infoPlistUtility /Users/kareem/ArticalesApp/ArticalesApp/Info.plist -producttype com.apple.product-type.application -genpkginfo /Users/kareem/Library/Developer/Xcode/DerivedData/ArticalesApp-bmqrwhrpbladbmcpdixnlvujyubx/Build/Products/Debug-iphonesimulator/ArticalesApp.app/PkgInfo -expandbuildsettings -format binary -platform iphonesimulator -additionalcontentfile /Users/kareem/Library/Developer/Xcode/DerivedData/ArticalesApp-bmqrwhrpbladbmcpdixnlvujyubx/Build/Intermediates.noindex/ArticalesApp.build/Debug-iphonesimulator/ArticalesApp.build/assetcatalog_generated_info.plist -o /Users/kareem/Library/Developer/Xcode/DerivedData/ArticalesApp-bmqrwhrpbladbmcpdixnlvujyubx/Build/Products/Debug-iphonesimulator/ArticalesApp.app/Info.plist&#10;&#10;SwiftDriver ArticalesApp normal arm64 com.apple.xcode.tools.swift.compiler (in target &apos;ArticalesApp&apos; from project &apos;ArticalesApp&apos;)&#10;    cd /Users/kareem/ArticalesApp&#10;    builtin-SwiftDriver -- /Applications/Xcode.app/Contents/Developer/Toolchains/XcodeDefault.xctoolchain/usr/bin/swiftc -module-name ArticalesApp -Onone -enforce-exclusivity\=checked @/Users/kareem/Library/Developer/Xcode/DerivedData/ArticalesApp-bmqrwhrpbladbmcpdixnlvujyubx/Build/Intermediates.noindex/ArticalesApp.build/Debug-iphonesimulator/ArticalesApp.build/Objects-normal/arm64/ArticalesApp.SwiftFileList -DDEBUG -enable-bare-slash-regex -enable-experimental-feature DebugDescriptionMacro -sdk /Applications/Xcode.app/Contents/Developer/Platforms/iPhoneSimulator.platform/Developer/SDKs/iPhoneSimulator18.2.sdk -target arm64-apple-ios18.2-simulator -g -module-cache-path /Users/kareem/Library/Developer/Xcode/DerivedData/ModuleCache.noindex -Xfrontend -serialize-debugging-options -profile-coverage-mapping -profile-generate -enable-testing -index-store-path /Users/kareem/Library/Developer/Xcode/DerivedData/ArticalesApp-bmqrwhrpbladbmcpdixnlvujyubx/Index.noindex/DataStore -enable-experimental-feature OpaqueTypeErasure -Xcc -D_LIBCPP_HARDENING_MODE\=_LIBCPP_HARDENING_MODE_DEBUG -swift-version 5 -I /Users/kareem/Library/Developer/Xcode/DerivedData/ArticalesApp-bmqrwhrpbladbmcpdixnlvujyubx/Build/Products/Debug-iphonesimulator -F /Users/kareem/Library/Developer/Xcode/DerivedData/ArticalesApp-bmqrwhrpbladbmcpdixnlvujyubx/Build/Products/Debug-iphonesimulator -emit-localized-strings -emit-localized-strings-path /Users/kareem/Library/Developer/Xcode/DerivedData/ArticalesApp-bmqrwhrpbladbmcpdixnlvujyubx/Build/Intermediates.noindex/ArticalesApp.build/Debug-iphonesimulator/ArticalesApp.build/Objects-normal/arm64 -c -j8 -enable-batch-mode -incremental -Xcc -ivfsstatcache -Xcc /Users/kareem/Library/Developer/Xcode/DerivedData/SDKStatCaches.noindex/iphonesimulator18.2-22C146-07b28473f605e47e75261259d3ef3b5a.sdkstatcache -output-file-map /Users/kareem/Library/Developer/Xcode/DerivedData/ArticalesApp-bmqrwhrpbladbmcpdixnlvujyubx/Build/Intermediates.noindex/ArticalesApp.build/Debug-iphonesimulator/ArticalesApp.build/Objects-normal/arm64/ArticalesApp-OutputFileMap.json -use-frontend-parseable-output -save-temps -no-color-diagnostics -serialize-diagnostics -emit-dependencies -emit-module -emit-module-path /Users/kareem/Library/Developer/Xcode/DerivedData/ArticalesApp-bmqrwhrpbladbmcpdixnlvujyubx/Build/Intermediates.noindex/ArticalesApp.build/Debug-iphonesimulator/ArticalesApp.build/Objects-normal/arm64/ArticalesApp.swiftmodule -validate-clang-modules-once -clang-build-session-file /Users/kareem/Library/Developer/Xcode/DerivedData/ModuleCache.noindex/Session.modulevalidation -Xcc -I/Users/kareem/Library/Developer/Xcode/DerivedData/ArticalesApp-bmqrwhrpbladbmcpdixnlvujyubx/Build/Intermediates.noindex/ArticalesApp.build/Debug-iphonesimulator/ArticalesApp.build/swift-overrides.hmap -emit-const-values -Xfrontend -const-gather-protocols-file -Xfrontend /Users/kareem/Library/Developer/Xcode/DerivedData/ArticalesApp-bmqrwhrpbladbmcpdixnlvujyubx/Build/Intermediates.noindex/ArticalesApp.build/Debug-iphonesimulator/ArticalesApp.build/Objects-normal/arm64/ArticalesApp_const_extract_protocols.json -Xcc -iquote -Xcc /Users/kareem/Library/Developer/Xcode/DerivedData/ArticalesApp-bmqrwhrpbladbmcpdixnlvujyubx/Build/Intermediates.noindex/ArticalesApp.build/Debug-iphonesimulator/ArticalesApp.build/ArticalesApp-generated-files.hmap -Xcc -I/Users/kareem/Library/Developer/Xcode/DerivedData/ArticalesApp-bmqrwhrpbladbmcpdixnlvujyubx/Build/Intermediates.noindex/ArticalesApp.build/Debug-iphonesimulator/ArticalesApp.build/ArticalesApp-own-target-headers.hmap -Xcc -I/Users/kareem/Library/Developer/Xcode/DerivedData/ArticalesApp-bmqrwhrpbladbmcpdixnlvujyubx/Build/Intermediates.noindex/ArticalesApp.build/Debug-iphonesimulator/ArticalesApp.build/ArticalesApp-all-target-headers.hmap -Xcc -iquote -Xcc /Users/kareem/Library/Developer/Xcode/DerivedData/ArticalesApp-bmqrwhrpbladbmcpdixnlvujyubx/Build/Intermediates.noindex/ArticalesApp.build/Debug-iphonesimulator/ArticalesApp.build/ArticalesApp-project-headers.hmap -Xcc -I/Users/kareem/Library/Developer/Xcode/DerivedData/ArticalesApp-bmqrwhrpbladbmcpdixnlvujyubx/Build/Products/Debug-iphonesimulator/include -Xcc -I/Users/kareem/Library/Developer/Xcode/DerivedData/ArticalesApp-bmqrwhrpbladbmcpdixnlvujyubx/Build/Intermediates.noindex/ArticalesApp.build/Debug-iphonesimulator/ArticalesApp.build/DerivedSources-normal/arm64 -Xcc -I/Users/kareem/Library/Developer/Xcode/DerivedData/ArticalesApp-bmqrwhrpbladbmcpdixnlvujyubx/Build/Intermediates.noindex/ArticalesApp.build/Debug-iphonesimulator/ArticalesApp.build/DerivedSources/arm64 -Xcc -I/Users/kareem/Library/Developer/Xcode/DerivedData/ArticalesApp-bmqrwhrpbladbmcpdixnlvujyubx/Build/Intermediates.noindex/ArticalesApp.build/Debug-iphonesimulator/ArticalesApp.build/DerivedSources -Xcc -DDEBUG\=1 -emit-objc-header -emit-objc-header-path /Users/kareem/Library/Developer/Xcode/DerivedData/ArticalesApp-bmqrwhrpbladbmcpdixnlvujyubx/Build/Intermediates.noindex/ArticalesApp.build/Debug-iphonesimulator/ArticalesApp.build/Objects-normal/arm64/ArticalesApp-Swift.h -working-directory /Users/kareem/ArticalesApp -experimental-emit-module-separately -disable-cmo&#10;&#10;SwiftDriver\ Compilation\ Requirements ArticalesApp normal arm64 com.apple.xcode.tools.swift.compiler (in target &apos;ArticalesApp&apos; from project &apos;ArticalesApp&apos;)&#10;    cd /Users/kareem/ArticalesApp&#10;    builtin-Swift-Compilation-Requirements -- /Applications/Xcode.app/Contents/Developer/Toolchains/XcodeDefault.xctoolchain/usr/bin/swiftc -module-name ArticalesApp -Onone -enforce-exclusivity\=checked @/Users/kareem/Library/Developer/Xcode/DerivedData/ArticalesApp-bmqrwhrpbladbmcpdixnlvujyubx/Build/Intermediates.noindex/ArticalesApp.build/Debug-iphonesimulator/ArticalesApp.build/Objects-normal/arm64/ArticalesApp.SwiftFileList -DDEBUG -enable-bare-slash-regex -enable-experimental-feature DebugDescriptionMacro -sdk /Applications/Xcode.app/Contents/Developer/Platforms/iPhoneSimulator.platform/Developer/SDKs/iPhoneSimulator18.2.sdk -target arm64-apple-ios18.2-simulator -g -module-cache-path /Users/kareem/Library/Developer/Xcode/DerivedData/ModuleCache.noindex -Xfrontend -serialize-debugging-options -profile-coverage-mapping -profile-generate -enable-testing -index-store-path /Users/kareem/Library/Developer/Xcode/DerivedData/ArticalesApp-bmqrwhrpbladbmcpdixnlvujyubx/Index.noindex/DataStore -enable-experimental-feature OpaqueTypeErasure -Xcc -D_LIBCPP_HARDENING_MODE\=_LIBCPP_HARDENING_MODE_DEBUG -swift-version 5 -I /Users/kareem/Library/Developer/Xcode/DerivedData/ArticalesApp-bmqrwhrpbladbmcpdixnlvujyubx/Build/Products/Debug-iphonesimulator -F /Users/kareem/Library/Developer/Xcode/DerivedData/ArticalesApp-bmqrwhrpbladbmcpdixnlvujyubx/Build/Products/Debug-iphonesimulator -emit-localized-strings -emit-localized-strings-path /Users/kareem/Library/Developer/Xcode/DerivedData/ArticalesApp-bmqrwhrpbladbmcpdixnlvujyubx/Build/Intermediates.noindex/ArticalesApp.build/Debug-iphonesimulator/ArticalesApp.build/Objects-normal/arm64 -c -j8 -enable-batch-mode -incremental -Xcc -ivfsstatcache -Xcc /Users/kareem/Library/Developer/Xcode/DerivedData/SDKStatCaches.noindex/iphonesimulator18.2-22C146-07b28473f605e47e75261259d3ef3b5a.sdkstatcache -output-file-map /Users/kareem/Library/Developer/Xcode/DerivedData/ArticalesApp-bmqrwhrpbladbmcpdixnlvujyubx/Build/Intermediates.noindex/ArticalesApp.build/Debug-iphonesimulator/ArticalesApp.build/Objects-normal/arm64/ArticalesApp-OutputFileMap.json -use-frontend-parseable-output -save-temps -no-color-diagnostics -serialize-diagnostics -emit-dependencies -emit-module -emit-module-path /Users/kareem/Library/Developer/Xcode/DerivedData/ArticalesApp-bmqrwhrpbladbmcpdixnlvujyubx/Build/Intermediates.noindex/ArticalesApp.build/Debug-iphonesimulator/ArticalesApp.build/Objects-normal/arm64/ArticalesApp.swiftmodule -validate-clang-modules-once -clang-build-session-file /Users/kareem/Library/Developer/Xcode/DerivedData/ModuleCache.noindex/Session.modulevalidation -Xcc -I/Users/kareem/Library/Developer/Xcode/DerivedData/ArticalesApp-bmqrwhrpbladbmcpdixnlvujyubx/Build/Intermediates.noindex/ArticalesApp.build/Debug-iphonesimulator/ArticalesApp.build/swift-overrides.hmap -emit-const-values -Xfrontend -const-gather-protocols-file -Xfrontend /Users/kareem/Library/Developer/Xcode/DerivedData/ArticalesApp-bmqrwhrpbladbmcpdixnlvujyubx/Build/Intermediates.noindex/ArticalesApp.build/Debug-iphonesimulator/ArticalesApp.build/Objects-normal/arm64/ArticalesApp_const_extract_protocols.json -Xcc -iquote -Xcc /Users/kareem/Library/Developer/Xcode/DerivedData/ArticalesApp-bmqrwhrpbladbmcpdixnlvujyubx/Build/Intermediates.noindex/ArticalesApp.build/Debug-iphonesimulator/ArticalesApp.build/ArticalesApp-generated-files.hmap -Xcc -I/Users/kareem/Library/Developer/Xcode/DerivedData/ArticalesApp-bmqrwhrpbladbmcpdixnlvujyubx/Build/Intermediates.noindex/ArticalesApp.build/Debug-iphonesimulator/ArticalesApp.build/ArticalesApp-own-target-headers.hmap -Xcc -I/Users/kareem/Library/Developer/Xcode/DerivedData/ArticalesApp-bmqrwhrpbladbmcpdixnlvujyubx/Build/Intermediates.noindex/ArticalesApp.build/Debug-iphonesimulator/ArticalesApp.build/ArticalesApp-all-target-headers.hmap -Xcc -iquote -Xcc /Users/kareem/Library/Developer/Xcode/DerivedData/ArticalesApp-bmqrwhrpbladbmcpdixnlvujyubx/Build/Intermediates.noindex/ArticalesApp.build/Debug-iphonesimulator/ArticalesApp.build/ArticalesApp-project-headers.hmap -Xcc -I/Users/kareem/Library/Developer/Xcode/DerivedData/ArticalesApp-bmqrwhrpbladbmcpdixnlvujyubx/Build/Products/Debug-iphonesimulator/include -Xcc -I/Users/kareem/Library/Developer/Xcode/DerivedData/ArticalesApp-bmqrwhrpbladbmcpdixnlvujyubx/Build/Intermediates.noindex/ArticalesApp.build/Debug-iphonesimulator/ArticalesApp.build/DerivedSources-normal/arm64 -Xcc -I/Users/kareem/Library/Developer/Xcode/DerivedData/ArticalesApp-bmqrwhrpbladbmcpdixnlvujyubx/Build/Intermediates.noindex/ArticalesApp.build/Debug-iphonesimulator/ArticalesApp.build/DerivedSources/arm64 -Xcc -I/Users/kareem/Library/Developer/Xcode/DerivedData/ArticalesApp-bmqrwhrpbladbmcpdixnlvujyubx/Build/Intermediates.noindex/ArticalesApp.build/Debug-iphonesimulator/ArticalesApp.build/DerivedSources -Xcc -DDEBUG\=1 -emit-objc-header -emit-objc-header-path /Users/kareem/Library/Developer/Xcode/DerivedData/ArticalesApp-bmqrwhrpbladbmcpdixnlvujyubx/Build/Intermediates.noindex/ArticalesApp.build/Debug-iphonesimulator/ArticalesApp.build/Objects-normal/arm64/ArticalesApp-Swift.h -working-directory /Users/kareem/ArticalesApp -experimental-emit-module-separately -disable-cmo&#10;&#10;SwiftDriver\ Compilation ArticalesApp normal arm64 com.apple.xcode.tools.swift.compiler (in target &apos;ArticalesApp&apos; from project &apos;ArticalesApp&apos;)&#10;    cd /Users/kareem/ArticalesApp&#10;    builtin-Swift-Compilation -- /Applications/Xcode.app/Contents/Developer/Toolchains/XcodeDefault.xctoolchain/usr/bin/swiftc -module-name ArticalesApp -Onone -enforce-exclusivity\=checked @/Users/kareem/Library/Developer/Xcode/DerivedData/ArticalesApp-bmqrwhrpbladbmcpdixnlvujyubx/Build/Intermediates.noindex/ArticalesApp.build/Debug-iphonesimulator/ArticalesApp.build/Objects-normal/arm64/ArticalesApp.SwiftFileList -DDEBUG -enable-bare-slash-regex -enable-experimental-feature DebugDescriptionMacro -sdk /Applications/Xcode.app/Contents/Developer/Platforms/iPhoneSimulator.platform/Developer/SDKs/iPhoneSimulator18.2.sdk -target arm64-apple-ios18.2-simulator -g -module-cache-path /Users/kareem/Library/Developer/Xcode/DerivedData/ModuleCache.noindex -Xfrontend -serialize-debugging-options -profile-coverage-mapping -profile-generate -enable-testing -index-store-path /Users/kareem/Library/Developer/Xcode/DerivedData/ArticalesApp-bmqrwhrpbladbmcpdixnlvujyubx/Index.noindex/DataStore -enable-experimental-feature OpaqueTypeErasure -Xcc -D_LIBCPP_HARDENING_MODE\=_LIBCPP_HARDENING_MODE_DEBUG -swift-version 5 -I /Users/kareem/Library/Developer/Xcode/DerivedData/ArticalesApp-bmqrwhrpbladbmcpdixnlvujyubx/Build/Products/Debug-iphonesimulator -F /Users/kareem/Library/Developer/Xcode/DerivedData/ArticalesApp-bmqrwhrpbladbmcpdixnlvujyubx/Build/Products/Debug-iphonesimulator -emit-localized-strings -emit-localized-strings-path /Users/kareem/Library/Developer/Xcode/DerivedData/ArticalesApp-bmqrwhrpbladbmcpdixnlvujyubx/Build/Intermediates.noindex/ArticalesApp.build/Debug-iphonesimulator/ArticalesApp.build/Objects-normal/arm64 -c -j8 -enable-batch-mode -incremental -Xcc -ivfsstatcache -Xcc /Users/kareem/Library/Developer/Xcode/DerivedData/SDKStatCaches.noindex/iphonesimulator18.2-22C146-07b28473f605e47e75261259d3ef3b5a.sdkstatcache -output-file-map /Users/kareem/Library/Developer/Xcode/DerivedData/ArticalesApp-bmqrwhrpbladbmcpdixnlvujyubx/Build/Intermediates.noindex/ArticalesApp.build/Debug-iphonesimulator/ArticalesApp.build/Objects-normal/arm64/ArticalesApp-OutputFileMap.json -use-frontend-parseable-output -save-temps -no-color-diagnostics -serialize-diagnostics -emit-dependencies -emit-module -emit-module-path /Users/kareem/Library/Developer/Xcode/DerivedData/ArticalesApp-bmqrwhrpbladbmcpdixnlvujyubx/Build/Intermediates.noindex/ArticalesApp.build/Debug-iphonesimulator/ArticalesApp.build/Objects-normal/arm64/ArticalesApp.swiftmodule -validate-clang-modules-once -clang-build-session-file /Users/kareem/Library/Developer/Xcode/DerivedData/ModuleCache.noindex/Session.modulevalidation -Xcc -I/Users/kareem/Library/Developer/Xcode/DerivedData/ArticalesApp-bmqrwhrpbladbmcpdixnlvujyubx/Build/Intermediates.noindex/ArticalesApp.build/Debug-iphonesimulator/ArticalesApp.build/swift-overrides.hmap -emit-const-values -Xfrontend -const-gather-protocols-file -Xfrontend /Users/kareem/Library/Developer/Xcode/DerivedData/ArticalesApp-bmqrwhrpbladbmcpdixnlvujyubx/Build/Intermediates.noindex/ArticalesApp.build/Debug-iphonesimulator/ArticalesApp.build/Objects-normal/arm64/ArticalesApp_const_extract_protocols.json -Xcc -iquote -Xcc /Users/kareem/Library/Developer/Xcode/DerivedData/ArticalesApp-bmqrwhrpbladbmcpdixnlvujyubx/Build/Intermediates.noindex/ArticalesApp.build/Debug-iphonesimulator/ArticalesApp.build/ArticalesApp-generated-files.hmap -Xcc -I/Users/kareem/Library/Developer/Xcode/DerivedData/ArticalesApp-bmqrwhrpbladbmcpdixnlvujyubx/Build/Intermediates.noindex/ArticalesApp.build/Debug-iphonesimulator/ArticalesApp.build/ArticalesApp-own-target-headers.hmap -Xcc -I/Users/kareem/Library/Developer/Xcode/DerivedData/ArticalesApp-bmqrwhrpbladbmcpdixnlvujyubx/Build/Intermediates.noindex/ArticalesApp.build/Debug-iphonesimulator/ArticalesApp.build/ArticalesApp-all-target-headers.hmap -Xcc -iquote -Xcc /Users/kareem/Library/Developer/Xcode/DerivedData/ArticalesApp-bmqrwhrpbladbmcpdixnlvujyubx/Build/Intermediates.noindex/ArticalesApp.build/Debug-iphonesimulator/ArticalesApp.build/ArticalesApp-project-headers.hmap -Xcc -I/Users/kareem/Library/Developer/Xcode/DerivedData/ArticalesApp-bmqrwhrpbladbmcpdixnlvujyubx/Build/Products/Debug-iphonesimulator/include -Xcc -I/Users/kareem/Library/Developer/Xcode/DerivedData/ArticalesApp-bmqrwhrpbladbmcpdixnlvujyubx/Build/Intermediates.noindex/ArticalesApp.build/Debug-iphonesimulator/ArticalesApp.build/DerivedSources-normal/arm64 -Xcc -I/Users/kareem/Library/Developer/Xcode/DerivedData/ArticalesApp-bmqrwhrpbladbmcpdixnlvujyubx/Build/Intermediates.noindex/ArticalesApp.build/Debug-iphonesimulator/ArticalesApp.build/DerivedSources/arm64 -Xcc -I/Users/kareem/Library/Developer/Xcode/DerivedData/ArticalesApp-bmqrwhrpbladbmcpdixnlvujyubx/Build/Intermediates.noindex/ArticalesApp.build/Debug-iphonesimulator/ArticalesApp.build/DerivedSources -Xcc -DDEBUG\=1 -emit-objc-header -emit-objc-header-path /Users/kareem/Library/Developer/Xcode/DerivedData/ArticalesApp-bmqrwhrpbladbmcpdixnlvujyubx/Build/Intermediates.noindex/ArticalesApp.build/Debug-iphonesimulator/ArticalesApp.build/Objects-normal/arm64/ArticalesApp-Swift.h -working-directory /Users/kareem/ArticalesApp -experimental-emit-module-separately -disable-cmo&#10;&#10;SwiftDriver ArticalesAppTests normal arm64 com.apple.xcode.tools.swift.compiler (in target &apos;ArticalesAppTests&apos; from project &apos;ArticalesApp&apos;)&#10;    cd /Users/kareem/ArticalesApp&#10;    builtin-SwiftDriver -- /Applications/Xcode.app/Contents/Developer/Toolchains/XcodeDefault.xctoolchain/usr/bin/swiftc -module-name ArticalesAppTests -Onone -enforce-exclusivity\=checked @/Users/kareem/Library/Developer/Xcode/DerivedData/ArticalesApp-bmqrwhrpbladbmcpdixnlvujyubx/Build/Intermediates.noindex/ArticalesApp.build/Debug-iphonesimulator/ArticalesAppTests.build/Objects-normal/arm64/ArticalesAppTests.SwiftFileList -DDEBUG -plugin-path /Applications/Xcode.app/Contents/Developer/Toolchains/XcodeDefault.xctoolchain/usr/lib/swift/host/plugins/testing -enable-bare-slash-regex -enable-experimental-feature DebugDescriptionMacro -sdk /Applications/Xcode.app/Contents/Developer/Platforms/iPhoneSimulator.platform/Developer/SDKs/iPhoneSimulator18.2.sdk -target arm64-apple-ios18.2-simulator -g -module-cache-path /Users/kareem/Library/Developer/Xcode/DerivedData/ModuleCache.noindex -Xfrontend -serialize-debugging-options -profile-coverage-mapping -profile-generate -enable-testing -index-store-path /Users/kareem/Library/Developer/Xcode/DerivedData/ArticalesApp-bmqrwhrpbladbmcpdixnlvujyubx/Index.noindex/DataStore -enable-experimental-feature OpaqueTypeErasure -Xcc -D_LIBCPP_HARDENING_MODE\=_LIBCPP_HARDENING_MODE_DEBUG -swift-version 5 -I /Users/kareem/Library/Developer/Xcode/DerivedData/ArticalesApp-bmqrwhrpbladbmcpdixnlvujyubx/Build/Products/Debug-iphonesimulator -I /Applications/Xcode.app/Contents/Developer/Platforms/iPhoneSimulator.platform/Developer/usr/lib -F /Users/kareem/Library/Developer/Xcode/DerivedData/ArticalesApp-bmqrwhrpbladbmcpdixnlvujyubx/Build/Products/Debug-iphonesimulator -F /Applications/Xcode.app/Contents/Developer/Platforms/iPhoneSimulator.platform/Developer/Library/Frameworks -F /Applications/Xcode.app/Contents/Developer/Platforms/iPhoneSimulator.platform/Developer/SDKs/iPhoneSimulator18.2.sdk/Developer/Library/Frameworks -c -j8 -enable-batch-mode -incremental -Xcc -ivfsstatcache -Xcc /Users/kareem/Library/Developer/Xcode/DerivedData/SDKStatCaches.noindex/iphonesimulator18.2-22C146-07b28473f605e47e75261259d3ef3b5a.sdkstatcache -output-file-map /Users/kareem/Library/Developer/Xcode/DerivedData/ArticalesApp-bmqrwhrpbladbmcpdixnlvujyubx/Build/Intermediates.noindex/ArticalesApp.build/Debug-iphonesimulator/ArticalesAppTests.build/Objects-normal/arm64/ArticalesAppTests-OutputFileMap.json -use-frontend-parseable-output -save-temps -no-color-diagnostics -serialize-diagnostics -emit-dependencies -emit-module -emit-module-path /Users/kareem/Library/Developer/Xcode/DerivedData/ArticalesApp-bmqrwhrpbladbmcpdixnlvujyubx/Build/Intermediates.noindex/ArticalesApp.build/Debug-iphonesimulator/ArticalesAppTests.build/Objects-normal/arm64/ArticalesAppTests.swiftmodule -validate-clang-modules-once -clang-build-session-file /Users/kareem/Library/Developer/Xcode/DerivedData/ModuleCache.noindex/Session.modulevalidation -Xcc -I/Users/kareem/Library/Developer/Xcode/DerivedData/ArticalesApp-bmqrwhrpbladbmcpdixnlvujyubx/Build/Intermediates.noindex/ArticalesApp.build/Debug-iphonesimulator/ArticalesAppTests.build/swift-overrides.hmap -emit-const-values -Xfrontend -const-gather-protocols-file -Xfrontend /Users/kareem/Library/Developer/Xcode/DerivedData/ArticalesApp-bmqrwhrpbladbmcpdixnlvujyubx/Build/Intermediates.noindex/ArticalesApp.build/Debug-iphonesimulator/ArticalesAppTests.build/Objects-normal/arm64/ArticalesAppTests_const_extract_protocols.json -Xcc -iquote -Xcc /Users/kareem/Library/Developer/Xcode/DerivedData/ArticalesApp-bmqrwhrpbladbmcpdixnlvujyubx/Build/Intermediates.noindex/ArticalesApp.build/Debug-iphonesimulator/ArticalesAppTests.build/ArticalesAppTests-generated-files.hmap -Xcc -I/Users/kareem/Library/Developer/Xcode/DerivedData/ArticalesApp-bmqrwhrpbladbmcpdixnlvujyubx/Build/Intermediates.noindex/ArticalesApp.build/Debug-iphonesimulator/ArticalesAppTests.build/ArticalesAppTests-own-target-headers.hmap -Xcc -I/Users/kareem/Library/Developer/Xcode/DerivedData/ArticalesApp-bmqrwhrpbladbmcpdixnlvujyubx/Build/Intermediates.noindex/ArticalesApp.build/Debug-iphonesimulator/ArticalesAppTests.build/ArticalesAppTests-all-target-headers.hmap -Xcc -iquote -Xcc /Users/kareem/Library/Developer/Xcode/DerivedData/ArticalesApp-bmqrwhrpbladbmcpdixnlvujyubx/Build/Intermediates.noindex/ArticalesApp.build/Debug-iphonesimulator/ArticalesAppTests.build/ArticalesAppTests-project-headers.hmap -Xcc -I/Users/kareem/Library/Developer/Xcode/DerivedData/ArticalesApp-bmqrwhrpbladbmcpdixnlvujyubx/Build/Products/Debug-iphonesimulator/include -Xcc -I/Users/kareem/Library/Developer/Xcode/DerivedData/ArticalesApp-bmqrwhrpbladbmcpdixnlvujyubx/Build/Intermediates.noindex/ArticalesApp.build/Debug-iphonesimulator/ArticalesAppTests.build/DerivedSources-normal/arm64 -Xcc -I/Users/kareem/Library/Developer/Xcode/DerivedData/ArticalesApp-bmqrwhrpbladbmcpdixnlvujyubx/Build/Intermediates.noindex/ArticalesApp.build/Debug-iphonesimulator/ArticalesAppTests.build/DerivedSources/arm64 -Xcc -I/Users/kareem/Library/Developer/Xcode/DerivedData/ArticalesApp-bmqrwhrpbladbmcpdixnlvujyubx/Build/Intermediates.noindex/ArticalesApp.build/Debug-iphonesimulator/ArticalesAppTests.build/DerivedSources -Xcc -DDEBUG\=1 -emit-objc-header -emit-objc-header-path /Users/kareem/Library/Developer/Xcode/DerivedData/ArticalesApp-bmqrwhrpbladbmcpdixnlvujyubx/Build/Intermediates.noindex/ArticalesApp.build/Debug-iphonesimulator/ArticalesAppTests.build/Objects-normal/arm64/ArticalesAppTests-Swift.h -working-directory /Users/kareem/ArticalesApp -experimental-emit-module-separately -disable-cmo&#10;&#10;Ld /Users/kareem/Library/Developer/Xcode/DerivedData/ArticalesApp-bmqrwhrpbladbmcpdixnlvujyubx/Build/Products/Debug-iphonesimulator/ArticalesApp.app/ArticalesApp.debug.dylib normal (in target &apos;ArticalesApp&apos; from project &apos;ArticalesApp&apos;)&#10;    cd /Users/kareem/ArticalesApp&#10;    /Applications/Xcode.app/Contents/Developer/Toolchains/XcodeDefault.xctoolchain/usr/bin/clang -Xlinker -reproducible -target arm64-apple-ios18.2-simulator -dynamiclib -isysroot /Applications/Xcode.app/Contents/Developer/Platforms/iPhoneSimulator.platform/Developer/SDKs/iPhoneSimulator18.2.sdk -O0 -L/Users/kareem/Library/Developer/Xcode/DerivedData/ArticalesApp-bmqrwhrpbladbmcpdixnlvujyubx/Build/Intermediates.noindex/EagerLinkingTBDs/Debug-iphonesimulator -L/Users/kareem/Library/Developer/Xcode/DerivedData/ArticalesApp-bmqrwhrpbladbmcpdixnlvujyubx/Build/Products/Debug-iphonesimulator -F/Users/kareem/Library/Developer/Xcode/DerivedData/ArticalesApp-bmqrwhrpbladbmcpdixnlvujyubx/Build/Intermediates.noindex/EagerLinkingTBDs/Debug-iphonesimulator -F/Users/kareem/Library/Developer/Xcode/DerivedData/ArticalesApp-bmqrwhrpbladbmcpdixnlvujyubx/Build/Products/Debug-iphonesimulator -filelist /Users/kareem/Library/Developer/Xcode/DerivedData/ArticalesApp-bmqrwhrpbladbmcpdixnlvujyubx/Build/Intermediates.noindex/ArticalesApp.build/Debug-iphonesimulator/ArticalesApp.build/Objects-normal/arm64/ArticalesApp.LinkFileList -install_name @rpath/ArticalesApp.debug.dylib -Xlinker -rpath -Xlinker @executable_path/Frameworks -dead_strip -Xlinker -object_path_lto -Xlinker /Users/kareem/Library/Developer/Xcode/DerivedData/ArticalesApp-bmqrwhrpbladbmcpdixnlvujyubx/Build/Intermediates.noindex/ArticalesApp.build/Debug-iphonesimulator/ArticalesApp.build/Objects-normal/arm64/ArticalesApp_lto.o -Xlinker -export_dynamic -Xlinker -no_deduplicate -Xlinker -objc_abi_version -Xlinker 2 -Xlinker -debug_variant -fobjc-link-runtime -fprofile-instr-generate -L/Applications/Xcode.app/Contents/Developer/Toolchains/XcodeDefault.xctoolchain/usr/lib/swift/iphonesimulator -L/usr/lib/swift -Xlinker -add_ast_path -Xlinker /Users/kareem/Library/Developer/Xcode/DerivedData/ArticalesApp-bmqrwhrpbladbmcpdixnlvujyubx/Build/Intermediates.noindex/ArticalesApp.build/Debug-iphonesimulator/ArticalesApp.build/Objects-normal/arm64/ArticalesApp.swiftmodule -Xlinker -alias -Xlinker _main -Xlinker ___debug_main_executable_dylib_entry_point -Xlinker -no_adhoc_codesign -Xlinker -dependency_info -Xlinker /Users/kareem/Library/Developer/Xcode/DerivedData/ArticalesApp-bmqrwhrpbladbmcpdixnlvujyubx/Build/Intermediates.noindex/ArticalesApp.build/Debug-iphonesimulator/ArticalesApp.build/Objects-normal/arm64/ArticalesApp_dependency_info.dat -o /Users/kareem/Library/Developer/Xcode/DerivedData/ArticalesApp-bmqrwhrpbladbmcpdixnlvujyubx/Build/Products/Debug-iphonesimulator/ArticalesApp.app/ArticalesApp.debug.dylib&#10;&#10;SwiftEmitModule normal arm64 Emitting\ module\ for\ ArticalesAppTests (in target &apos;ArticalesAppTests&apos; from project &apos;ArticalesApp&apos;)&#10;    cd /Users/kareem/ArticalesApp&#10;    builtin-swiftTaskExecution -- /Applications/Xcode.app/Contents/Developer/Toolchains/XcodeDefault.xctoolchain/usr/bin/swift-frontend -frontend -emit-module -experimental-skip-non-inlinable-function-bodies-without-types /Users/kareem/ArticalesApp/ArticalesAppTests/ArticlesInteractorTests.swift /Users/kareem/ArticalesApp/ArticalesAppTests/MockNetworkClient.swift /Users/kareem/ArticalesApp/ArticalesAppTests/TestHelpers.swift -target arm64-apple-ios18.2-simulator -Xllvm -aarch64-use-tbi -enable-objc-interop -sdk /Applications/Xcode.app/Contents/Developer/Platforms/iPhoneSimulator.platform/Developer/SDKs/iPhoneSimulator18.2.sdk -I /Users/kareem/Library/Developer/Xcode/DerivedData/ArticalesApp-bmqrwhrpbladbmcpdixnlvujyubx/Build/Products/Debug-iphonesimulator -I /Applications/Xcode.app/Contents/Developer/Platforms/iPhoneSimulator.platform/Developer/usr/lib -F /Users/kareem/Library/Developer/Xcode/DerivedData/ArticalesApp-bmqrwhrpbladbmcpdixnlvujyubx/Build/Products/Debug-iphonesimulator -F /Applications/Xcode.app/Contents/Developer/Platforms/iPhoneSimulator.platform/Developer/Library/Frameworks -F /Applications/Xcode.app/Contents/Developer/Platforms/iPhoneSimulator.platform/Developer/SDKs/iPhoneSimulator18.2.sdk/Developer/Library/Frameworks -no-color-diagnostics -enable-testing -g -debug-info-format\=dwarf -dwarf-version\=5 -module-cache-path /Users/kareem/Library/Developer/Xcode/DerivedData/ModuleCache.noindex -profile-generate -profile-coverage-mapping -swift-version 5 -enforce-exclusivity\=checked -Onone -D DEBUG -serialize-debugging-options -const-gather-protocols-file /Users/kareem/Library/Developer/Xcode/DerivedData/ArticalesApp-bmqrwhrpbladbmcpdixnlvujyubx/Build/Intermediates.noindex/ArticalesApp.build/Debug-iphonesimulator/ArticalesAppTests.build/Objects-normal/arm64/ArticalesAppTests_const_extract_protocols.json -enable-experimental-feature DebugDescriptionMacro -enable-experimental-feature OpaqueTypeErasure -enable-bare-slash-regex -empty-abi-descriptor -plugin-path /Applications/Xcode.app/Contents/Developer/Toolchains/XcodeDefault.xctoolchain/usr/lib/swift/host/plugins/testing -validate-clang-modules-once -clang-build-session-file /Users/kareem/Library/Developer/Xcode/DerivedData/ModuleCache.noindex/Session.modulevalidation -Xcc -working-directory -Xcc /Users/kareem/ArticalesApp -resource-dir /Applications/Xcode.app/Contents/Developer/Toolchains/XcodeDefault.xctoolchain/usr/lib/swift -enable-anonymous-context-mangled-names -file-compilation-dir /Users/kareem/ArticalesApp -Xcc -D_LIBCPP_HARDENING_MODE\=_LIBCPP_HARDENING_MODE_DEBUG -Xcc -ivfsstatcache -Xcc /Users/kareem/Library/Developer/Xcode/DerivedData/SDKStatCaches.noindex/iphonesimulator18.2-22C146-07b28473f605e47e75261259d3ef3b5a.sdkstatcache -Xcc -I/Users/kareem/Library/Developer/Xcode/DerivedData/ArticalesApp-bmqrwhrpbladbmcpdixnlvujyubx/Build/Intermediates.noindex/ArticalesApp.build/Debug-iphonesimulator/ArticalesAppTests.build/swift-overrides.hmap -Xcc -iquote -Xcc /Users/kareem/Library/Developer/Xcode/DerivedData/ArticalesApp-bmqrwhrpbladbmcpdixnlvujyubx/Build/Intermediates.noindex/ArticalesApp.build/Debug-iphonesimulator/ArticalesAppTests.build/ArticalesAppTests-generated-files.hmap -Xcc -I/Users/kareem/Library/Developer/Xcode/DerivedData/ArticalesApp-bmqrwhrpbladbmcpdixnlvujyubx/Build/Intermediates.noindex/ArticalesApp.build/Debug-iphonesimulator/ArticalesAppTests.build/ArticalesAppTests-own-target-headers.hmap -Xcc -I/Users/kareem/Library/Developer/Xcode/DerivedData/ArticalesApp-bmqrwhrpbladbmcpdixnlvujyubx/Build/Intermediates.noindex/ArticalesApp.build/Debug-iphonesimulator/ArticalesAppTests.build/ArticalesAppTests-all-target-headers.hmap -Xcc -iquote -Xcc /Users/kareem/Library/Developer/Xcode/DerivedData/ArticalesApp-bmqrwhrpbladbmcpdixnlvujyubx/Build/Intermediates.noindex/ArticalesApp.build/Debug-iphonesimulator/ArticalesAppTests.build/ArticalesAppTests-project-headers.hmap -Xcc -I/Users/kareem/Library/Developer/Xcode/DerivedData/ArticalesApp-bmqrwhrpbladbmcpdixnlvujyubx/Build/Products/Debug-iphonesimulator/include -Xcc -I/Users/kareem/Library/Developer/Xcode/DerivedData/ArticalesApp-bmqrwhrpbladbmcpdixnlvujyubx/Build/Intermediates.noindex/ArticalesApp.build/Debug-iphonesimulator/ArticalesAppTests.build/DerivedSources-normal/arm64 -Xcc -I/Users/kareem/Library/Developer/Xcode/DerivedData/ArticalesApp-bmqrwhrpbladbmcpdixnlvujyubx/Build/Intermediates.noindex/ArticalesApp.build/Debug-iphonesimulator/ArticalesAppTests.build/DerivedSources/arm64 -Xcc -I/Users/kareem/Library/Developer/Xcode/DerivedData/ArticalesApp-bmqrwhrpbladbmcpdixnlvujyubx/Build/Intermediates.noindex/ArticalesApp.build/Debug-iphonesimulator/ArticalesAppTests.build/DerivedSources -Xcc -DDEBUG\=1 -module-name ArticalesAppTests -frontend-parseable-output -disable-clang-spi -target-sdk-version 18.2 -target-sdk-name iphonesimulator18.2 -external-plugin-path /Applications/Xcode.app/Contents/Developer/Platforms/iPhoneOS.platform/Developer/usr/lib/swift/host/plugins\#/Applications/Xcode.app/Contents/Developer/Platforms/iPhoneOS.platform/Developer/usr/bin/swift-plugin-server -external-plugin-path /Applications/Xcode.app/Contents/Developer/Platforms/iPhoneOS.platform/Developer/usr/local/lib/swift/host/plugins\#/Applications/Xcode.app/Contents/Developer/Platforms/iPhoneOS.platform/Developer/usr/bin/swift-plugin-server -plugin-path /Applications/Xcode.app/Contents/Developer/Toolchains/XcodeDefault.xctoolchain/usr/lib/swift/host/plugins -plugin-path /Applications/Xcode.app/Contents/Developer/Toolchains/XcodeDefault.xctoolchain/usr/local/lib/swift/host/plugins -emit-module-doc-path /Users/kareem/Library/Developer/Xcode/DerivedData/ArticalesApp-bmqrwhrpbladbmcpdixnlvujyubx/Build/Intermediates.noindex/ArticalesApp.build/Debug-iphonesimulator/ArticalesAppTests.build/Objects-normal/arm64/ArticalesAppTests.swiftdoc -emit-module-source-info-path /Users/kareem/Library/Developer/Xcode/DerivedData/ArticalesApp-bmqrwhrpbladbmcpdixnlvujyubx/Build/Intermediates.noindex/ArticalesApp.build/Debug-iphonesimulator/ArticalesAppTests.build/Objects-normal/arm64/ArticalesAppTests.swiftsourceinfo -emit-objc-header-path /Users/kareem/Library/Developer/Xcode/DerivedData/ArticalesApp-bmqrwhrpbladbmcpdixnlvujyubx/Build/Intermediates.noindex/ArticalesApp.build/Debug-iphonesimulator/ArticalesAppTests.build/Objects-normal/arm64/ArticalesAppTests-Swift.h -serialize-diagnostics-path /Users/kareem/Library/Developer/Xcode/DerivedData/ArticalesApp-bmqrwhrpbladbmcpdixnlvujyubx/Build/Intermediates.noindex/ArticalesApp.build/Debug-iphonesimulator/ArticalesAppTests.build/Objects-normal/arm64/ArticalesAppTests-master-emit-module.dia -emit-dependencies-path /Users/kareem/Library/Developer/Xcode/DerivedData/ArticalesApp-bmqrwhrpbladbmcpdixnlvujyubx/Build/Intermediates.noindex/ArticalesApp.build/Debug-iphonesimulator/ArticalesAppTests.build/Objects-normal/arm64/ArticalesAppTests-master-emit-module.d -o /Users/kareem/Library/Developer/Xcode/DerivedData/ArticalesApp-bmqrwhrpbladbmcpdixnlvujyubx/Build/Intermediates.noindex/ArticalesApp.build/Debug-iphonesimulator/ArticalesAppTests.build/Objects-normal/arm64/ArticalesAppTests.swiftmodule -emit-abi-descriptor-path /Users/kareem/Library/Developer/Xcode/DerivedData/ArticalesApp-bmqrwhrpbladbmcpdixnlvujyubx/Build/Intermediates.noindex/ArticalesApp.build/Debug-iphonesimulator/ArticalesAppTests.build/Objects-normal/arm64/ArticalesAppTests.abi.json&#10;EmitSwiftModule normal arm64 (in target &apos;ArticalesAppTests&apos; from project &apos;ArticalesApp&apos;)&#10;    cd /Users/kareem/ArticalesApp&#10;    /Applications/Xcode.app/Contents/Developer/Toolchains/XcodeDefault.xctoolchain/usr/bin/swift-frontend -emit-module -experimental-skip-non-inlinable-function-bodies-without-types /Users/kareem/ArticalesApp/ArticalesAppTests/ArticlesInteractorTests.swift /Users/kareem/ArticalesApp/ArticalesAppTests/MockNetworkClient.swift /Users/kareem/ArticalesApp/ArticalesAppTests/TestHelpers.swift -target arm64-apple-ios18.2-simulator -Xllvm -aarch64-use-tbi -enable-objc-interop -sdk /Applications/Xcode.app/Contents/Developer/Platforms/iPhoneSimulator.platform/Developer/SDKs/iPhoneSimulator18.2.sdk -I /Users/kareem/Library/Developer/Xcode/DerivedData/ArticalesApp-bmqrwhrpbladbmcpdixnlvujyubx/Build/Products/Debug-iphonesimulator -I /Applications/Xcode.app/Contents/Developer/Platforms/iPhoneSimulator.platform/Developer/usr/lib -F /Users/kareem/Library/Developer/Xcode/DerivedData/ArticalesApp-bmqrwhrpbladbmcpdixnlvujyubx/Build/Products/Debug-iphonesimulator -F /Applications/Xcode.app/Contents/Developer/Platforms/iPhoneSimulator.platform/Developer/Library/Frameworks -F /Applications/Xcode.app/Contents/Developer/Platforms/iPhoneSimulator.platform/Developer/SDKs/iPhoneSimulator18.2.sdk/Developer/Library/Frameworks -no-color-diagnostics -enable-testing -g -debug-info-format\=dwarf -dwarf-version\=5 -module-cache-path /Users/kareem/Library/Developer/Xcode/DerivedData/ModuleCache.noindex -profile-generate -profile-coverage-mapping -swift-version 5 -enforce-exclusivity\=checked -Onone -D DEBUG -serialize-debugging-options -const-gather-protocols-file /Users/kareem/Library/Developer/Xcode/DerivedData/ArticalesApp-bmqrwhrpbladbmcpdixnlvujyubx/Build/Intermediates.noindex/ArticalesApp.build/Debug-iphonesimulator/ArticalesAppTests.build/Objects-normal/arm64/ArticalesAppTests_const_extract_protocols.json -enable-experimental-feature DebugDescriptionMacro -enable-experimental-feature OpaqueTypeErasure -enable-bare-slash-regex -empty-abi-descriptor -plugin-path /Applications/Xcode.app/Contents/Developer/Toolchains/XcodeDefault.xctoolchain/usr/lib/swift/host/plugins/testing -validate-clang-modules-once -clang-build-session-file /Users/kareem/Library/Developer/Xcode/DerivedData/ModuleCache.noindex/Session.modulevalidation -Xcc -working-directory -Xcc /Users/kareem/ArticalesApp -resource-dir /Applications/Xcode.app/Contents/Developer/Toolchains/XcodeDefault.xctoolchain/usr/lib/swift -enable-anonymous-context-mangled-names -file-compilation-dir /Users/kareem/ArticalesApp -Xcc -D_LIBCPP_HARDENING_MODE\=_LIBCPP_HARDENING_MODE_DEBUG -Xcc -ivfsstatcache -Xcc /Users/kareem/Library/Developer/Xcode/DerivedData/SDKStatCaches.noindex/iphonesimulator18.2-22C146-07b28473f605e47e75261259d3ef3b5a.sdkstatcache -Xcc -I/Users/kareem/Library/Developer/Xcode/DerivedData/ArticalesApp-bmqrwhrpbladbmcpdixnlvujyubx/Build/Intermediates.noindex/ArticalesApp.build/Debug-iphonesimulator/ArticalesAppTests.build/swift-overrides.hmap -Xcc -iquote -Xcc /Users/kareem/Library/Developer/Xcode/DerivedData/ArticalesApp-bmqrwhrpbladbmcpdixnlvujyubx/Build/Intermediates.noindex/ArticalesApp.build/Debug-iphonesimulator/ArticalesAppTests.build/ArticalesAppTests-generated-files.hmap -Xcc -I/Users/kareem/Library/Developer/Xcode/DerivedData/ArticalesApp-bmqrwhrpbladbmcpdixnlvujyubx/Build/Intermediates.noindex/ArticalesApp.build/Debug-iphonesimulator/ArticalesAppTests.build/ArticalesAppTests-own-target-headers.hmap -Xcc -I/Users/kareem/Library/Developer/Xcode/DerivedData/ArticalesApp-bmqrwhrpbladbmcpdixnlvujyubx/Build/Intermediates.noindex/ArticalesApp.build/Debug-iphonesimulator/ArticalesAppTests.build/ArticalesAppTests-all-target-headers.hmap -Xcc -iquote -Xcc /Users/kareem/Library/Developer/Xcode/DerivedData/ArticalesApp-bmqrwhrpbladbmcpdixnlvujyubx/Build/Intermediates.noindex/ArticalesApp.build/Debug-iphonesimulator/ArticalesAppTests.build/ArticalesAppTests-project-headers.hmap -Xcc -I/Users/kareem/Library/Developer/Xcode/DerivedData/ArticalesApp-bmqrwhrpbladbmcpdixnlvujyubx/Build/Products/Debug-iphonesimulator/include -Xcc -I/Users/kareem/Library/Developer/Xcode/DerivedData/ArticalesApp-bmqrwhrpbladbmcpdixnlvujyubx/Build/Intermediates.noindex/ArticalesApp.build/Debug-iphonesimulator/ArticalesAppTests.build/DerivedSources-normal/arm64 -Xcc -I/Users/kareem/Library/Developer/Xcode/DerivedData/ArticalesApp-bmqrwhrpbladbmcpdixnlvujyubx/Build/Intermediates.noindex/ArticalesApp.build/Debug-iphonesimulator/ArticalesAppTests.build/DerivedSources/arm64 -Xcc -I/Users/kareem/Library/Developer/Xcode/DerivedData/ArticalesApp-bmqrwhrpbladbmcpdixnlvujyubx/Build/Intermediates.noindex/ArticalesApp.build/Debug-iphonesimulator/ArticalesAppTests.build/DerivedSources -Xcc -DDEBUG\=1 -module-name ArticalesAppTests -frontend-parseable-output -disable-clang-spi -target-sdk-version 18.2 -target-sdk-name iphonesimulator18.2 -external-plugin-path /Applications/Xcode.app/Contents/Developer/Platforms/iPhoneOS.platform/Developer/usr/lib/swift/host/plugins\#/Applications/Xcode.app/Contents/Developer/Platforms/iPhoneOS.platform/Developer/usr/bin/swift-plugin-server -external-plugin-path /Applications/Xcode.app/Contents/Developer/Platforms/iPhoneOS.platform/Developer/usr/local/lib/swift/host/plugins\#/Applications/Xcode.app/Contents/Developer/Platforms/iPhoneOS.platform/Developer/usr/bin/swift-plugin-server -plugin-path /Applications/Xcode.app/Contents/Developer/Toolchains/XcodeDefault.xctoolchain/usr/lib/swift/host/plugins -plugin-path /Applications/Xcode.app/Contents/Developer/Toolchains/XcodeDefault.xctoolchain/usr/local/lib/swift/host/plugins -emit-module-doc-path /Users/kareem/Library/Developer/Xcode/DerivedData/ArticalesApp-bmqrwhrpbladbmcpdixnlvujyubx/Build/Intermediates.noindex/ArticalesApp.build/Debug-iphonesimulator/ArticalesAppTests.build/Objects-normal/arm64/ArticalesAppTests.swiftdoc -emit-module-source-info-path /Users/kareem/Library/Developer/Xcode/DerivedData/ArticalesApp-bmqrwhrpbladbmcpdixnlvujyubx/Build/Intermediates.noindex/ArticalesApp.build/Debug-iphonesimulator/ArticalesAppTests.build/Objects-normal/arm64/ArticalesAppTests.swiftsourceinfo -emit-objc-header-path /Users/kareem/Library/Developer/Xcode/DerivedData/ArticalesApp-bmqrwhrpbladbmcpdixnlvujyubx/Build/Intermediates.noindex/ArticalesApp.build/Debug-iphonesimulator/ArticalesAppTests.build/Objects-normal/arm64/ArticalesAppTests-Swift.h -serialize-diagnostics-path /Users/kareem/Library/Developer/Xcode/DerivedData/ArticalesApp-bmqrwhrpbladbmcpdixnlvujyubx/Build/Intermediates.noindex/ArticalesApp.build/Debug-iphonesimulator/ArticalesAppTests.build/Objects-normal/arm64/ArticalesAppTests-master-emit-module.dia -emit-dependencies-path /Users/kareem/Library/Developer/Xcode/DerivedData/ArticalesApp-bmqrwhrpbladbmcpdixnlvujyubx/Build/Intermediates.noindex/ArticalesApp.build/Debug-iphonesimulator/ArticalesAppTests.build/Objects-normal/arm64/ArticalesAppTests-master-emit-module.d -o /Users/kareem/Library/Developer/Xcode/DerivedData/ArticalesApp-bmqrwhrpbladbmcpdixnlvujyubx/Build/Intermediates.noindex/ArticalesApp.build/Debug-iphonesimulator/ArticalesAppTests.build/Objects-normal/arm64/ArticalesAppTests.swiftmodule -emit-abi-descriptor-path /Users/kareem/Library/Developer/Xcode/DerivedData/ArticalesApp-bmqrwhrpbladbmcpdixnlvujyubx/Build/Intermediates.noindex/ArticalesApp.build/Debug-iphonesimulator/ArticalesAppTests.build/Objects-normal/arm64/ArticalesAppTests.abi.json&#10;&#10;SwiftCompile normal arm64 Compiling\ ArticlesInteractorTests.swift /Users/kareem/ArticalesApp/ArticalesAppTests/ArticlesInteractorTests.swift (in target &apos;ArticalesAppTests&apos; from project &apos;ArticalesApp&apos;)&#10;    cd /Users/kareem/ArticalesApp&#10;    builtin-swiftTaskExecution -- /Applications/Xcode.app/Contents/Developer/Toolchains/XcodeDefault.xctoolchain/usr/bin/swift-frontend -frontend -c -primary-file /Users/kareem/ArticalesApp/ArticalesAppTests/ArticlesInteractorTests.swift /Users/kareem/ArticalesApp/ArticalesAppTests/MockNetworkClient.swift /Users/kareem/ArticalesApp/ArticalesAppTests/TestHelpers.swift -emit-dependencies-path /Users/kareem/Library/Developer/Xcode/DerivedData/ArticalesApp-bmqrwhrpbladbmcpdixnlvujyubx/Build/Intermediates.noindex/ArticalesApp.build/Debug-iphonesimulator/ArticalesAppTests.build/Objects-normal/arm64/ArticlesInteractorTests.d -emit-const-values-path /Users/kareem/Library/Developer/Xcode/DerivedData/ArticalesApp-bmqrwhrpbladbmcpdixnlvujyubx/Build/Intermediates.noindex/ArticalesApp.build/Debug-iphonesimulator/ArticalesAppTests.build/Objects-normal/arm64/ArticlesInteractorTests.swiftconstvalues -emit-reference-dependencies-path /Users/kareem/Library/Developer/Xcode/DerivedData/ArticalesApp-bmqrwhrpbladbmcpdixnlvujyubx/Build/Intermediates.noindex/ArticalesApp.build/Debug-iphonesimulator/ArticalesAppTests.build/Objects-normal/arm64/ArticlesInteractorTests.swiftdeps -serialize-diagnostics-path /Users/kareem/Library/Developer/Xcode/DerivedData/ArticalesApp-bmqrwhrpbladbmcpdixnlvujyubx/Build/Intermediates.noindex/ArticalesApp.build/Debug-iphonesimulator/ArticalesAppTests.build/Objects-normal/arm64/ArticlesInteractorTests.dia -target arm64-apple-ios18.2-simulator -Xllvm -aarch64-use-tbi -enable-objc-interop -sdk /Applications/Xcode.app/Contents/Developer/Platforms/iPhoneSimulator.platform/Developer/SDKs/iPhoneSimulator18.2.sdk -I /Users/kareem/Library/Developer/Xcode/DerivedData/ArticalesApp-bmqrwhrpbladbmcpdixnlvujyubx/Build/Products/Debug-iphonesimulator -I /Applications/Xcode.app/Contents/Developer/Platforms/iPhoneSimulator.platform/Developer/usr/lib -F /Users/kareem/Library/Developer/Xcode/DerivedData/ArticalesApp-bmqrwhrpbladbmcpdixnlvujyubx/Build/Products/Debug-iphonesimulator -F /Applications/Xcode.app/Contents/Developer/Platforms/iPhoneSimulator.platform/Developer/Library/Frameworks -F /Applications/Xcode.app/Contents/Developer/Platforms/iPhoneSimulator.platform/Developer/SDKs/iPhoneSimulator18.2.sdk/Developer/Library/Frameworks -no-color-diagnostics -enable-testing -g -debug-info-format\=dwarf -dwarf-version\=5 -module-cache-path /Users/kareem/Library/Developer/Xcode/DerivedData/ModuleCache.noindex -profile-generate -profile-coverage-mapping -swift-version 5 -enforce-exclusivity\=checked -Onone -D DEBUG -serialize-debugging-options -const-gather-protocols-file /Users/kareem/Library/Developer/Xcode/DerivedData/ArticalesApp-bmqrwhrpbladbmcpdixnlvujyubx/Build/Intermediates.noindex/ArticalesApp.build/Debug-iphonesimulator/ArticalesAppTests.build/Objects-normal/arm64/ArticalesAppTests_const_extract_protocols.json -enable-experimental-feature DebugDescriptionMacro -enable-experimental-feature OpaqueTypeErasure -enable-bare-slash-regex -empty-abi-descriptor -plugin-path /Applications/Xcode.app/Contents/Developer/Toolchains/XcodeDefault.xctoolchain/usr/lib/swift/host/plugins/testing -validate-clang-modules-once -clang-build-session-file /Users/kareem/Library/Developer/Xcode/DerivedData/ModuleCache.noindex/Session.modulevalidation -Xcc -working-directory -Xcc /Users/kareem/ArticalesApp -resource-dir /Applications/Xcode.app/Contents/Developer/Toolchains/XcodeDefault.xctoolchain/usr/lib/swift -enable-anonymous-context-mangled-names -file-compilation-dir /Users/kareem/ArticalesApp -Xcc -D_LIBCPP_HARDENING_MODE\=_LIBCPP_HARDENING_MODE_DEBUG -Xcc -ivfsstatcache -Xcc /Users/kareem/Library/Developer/Xcode/DerivedData/SDKStatCaches.noindex/iphonesimulator18.2-22C146-07b28473f605e47e75261259d3ef3b5a.sdkstatcache -Xcc -I/Users/kareem/Library/Developer/Xcode/DerivedData/ArticalesApp-bmqrwhrpbladbmcpdixnlvujyubx/Build/Intermediates.noindex/ArticalesApp.build/Debug-iphonesimulator/ArticalesAppTests.build/swift-overrides.hmap -Xcc -iquote -Xcc /Users/kareem/Library/Developer/Xcode/DerivedData/ArticalesApp-bmqrwhrpbladbmcpdixnlvujyubx/Build/Intermediates.noindex/ArticalesApp.build/Debug-iphonesimulator/ArticalesAppTests.build/ArticalesAppTests-generated-files.hmap -Xcc -I/Users/kareem/Library/Developer/Xcode/DerivedData/ArticalesApp-bmqrwhrpbladbmcpdixnlvujyubx/Build/Intermediates.noindex/ArticalesApp.build/Debug-iphonesimulator/ArticalesAppTests.build/ArticalesAppTests-own-target-headers.hmap -Xcc -I/Users/kareem/Library/Developer/Xcode/DerivedData/ArticalesApp-bmqrwhrpbladbmcpdixnlvujyubx/Build/Intermediates.noindex/ArticalesApp.build/Debug-iphonesimulator/ArticalesAppTests.build/ArticalesAppTests-all-target-headers.hmap -Xcc -iquote -Xcc /Users/kareem/Library/Developer/Xcode/DerivedData/ArticalesApp-bmqrwhrpbladbmcpdixnlvujyubx/Build/Intermediates.noindex/ArticalesApp.build/Debug-iphonesimulator/ArticalesAppTests.build/ArticalesAppTests-project-headers.hmap -Xcc -I/Users/kareem/Library/Developer/Xcode/DerivedData/ArticalesApp-bmqrwhrpbladbmcpdixnlvujyubx/Build/Products/Debug-iphonesimulator/include -Xcc -I/Users/kareem/Library/Developer/Xcode/DerivedData/ArticalesApp-bmqrwhrpbladbmcpdixnlvujyubx/Build/Intermediates.noindex/ArticalesApp.build/Debug-iphonesimulator/ArticalesAppTests.build/DerivedSources-normal/arm64 -Xcc -I/Users/kareem/Library/Developer/Xcode/DerivedData/ArticalesApp-bmqrwhrpbladbmcpdixnlvujyubx/Build/Intermediates.noindex/ArticalesApp.build/Debug-iphonesimulator/ArticalesAppTests.build/DerivedSources/arm64 -Xcc -I/Users/kareem/Library/Developer/Xcode/DerivedData/ArticalesApp-bmqrwhrpbladbmcpdixnlvujyubx/Build/Intermediates.noindex/ArticalesApp.build/Debug-iphonesimulator/ArticalesAppTests.build/DerivedSources -Xcc -DDEBUG\=1 -module-name ArticalesAppTests -frontend-parseable-output -disable-clang-spi -target-sdk-version 18.2 -target-sdk-name iphonesimulator18.2 -external-plugin-path /Applications/Xcode.app/Contents/Developer/Platforms/iPhoneOS.platform/Developer/usr/lib/swift/host/plugins\#/Applications/Xcode.app/Contents/Developer/Platforms/iPhoneOS.platform/Developer/usr/bin/swift-plugin-server -external-plugin-path /Applications/Xcode.app/Contents/Developer/Platforms/iPhoneOS.platform/Developer/usr/local/lib/swift/host/plugins\#/Applications/Xcode.app/Contents/Developer/Platforms/iPhoneOS.platform/Developer/usr/bin/swift-plugin-server -plugin-path /Applications/Xcode.app/Contents/Developer/Toolchains/XcodeDefault.xctoolchain/usr/lib/swift/host/plugins -plugin-path /Applications/Xcode.app/Contents/Developer/Toolchains/XcodeDefault.xctoolchain/usr/local/lib/swift/host/plugins -o /Users/kareem/Library/Developer/Xcode/DerivedData/ArticalesApp-bmqrwhrpbladbmcpdixnlvujyubx/Build/Intermediates.noindex/ArticalesApp.build/Debug-iphonesimulator/ArticalesAppTests.build/Objects-normal/arm64/ArticlesInteractorTests.o -index-unit-output-path /ArticalesApp.build/Debug-iphonesimulator/ArticalesAppTests.build/Objects-normal/arm64/ArticlesInteractorTests.o -index-store-path /Users/kareem/Library/Developer/Xcode/DerivedData/ArticalesApp-bmqrwhrpbladbmcpdixnlvujyubx/Index.noindex/DataStore -index-system-modules&#10;SwiftCompile normal arm64 /Users/kareem/ArticalesApp/ArticalesAppTests/ArticlesInteractorTests.swift (in target &apos;ArticalesAppTests&apos; from project &apos;ArticalesApp&apos;)&#10;    cd /Users/kareem/ArticalesApp&#10;    /Applications/Xcode.app/Contents/Developer/Toolchains/XcodeDefault.xctoolchain/usr/bin/swift-frontend -c -primary-file /Users/kareem/ArticalesApp/ArticalesAppTests/ArticlesInteractorTests.swift /Users/kareem/ArticalesApp/ArticalesAppTests/MockNetworkClient.swift /Users/kareem/ArticalesApp/ArticalesAppTests/TestHelpers.swift -emit-dependencies-path /Users/kareem/Library/Developer/Xcode/DerivedData/ArticalesApp-bmqrwhrpbladbmcpdixnlvujyubx/Build/Intermediates.noindex/ArticalesApp.build/Debug-iphonesimulator/ArticalesAppTests.build/Objects-normal/arm64/ArticlesInteractorTests.d -emit-const-values-path /Users/kareem/Library/Developer/Xcode/DerivedData/ArticalesApp-bmqrwhrpbladbmcpdixnlvujyubx/Build/Intermediates.noindex/ArticalesApp.build/Debug-iphonesimulator/ArticalesAppTests.build/Objects-normal/arm64/ArticlesInteractorTests.swiftconstvalues -emit-reference-dependencies-path /Users/kareem/Library/Developer/Xcode/DerivedData/ArticalesApp-bmqrwhrpbladbmcpdixnlvujyubx/Build/Intermediates.noindex/ArticalesApp.build/Debug-iphonesimulator/ArticalesAppTests.build/Objects-normal/arm64/ArticlesInteractorTests.swiftdeps -serialize-diagnostics-path /Users/kareem/Library/Developer/Xcode/DerivedData/ArticalesApp-bmqrwhrpbladbmcpdixnlvujyubx/Build/Intermediates.noindex/ArticalesApp.build/Debug-iphonesimulator/ArticalesAppTests.build/Objects-normal/arm64/ArticlesInteractorTests.dia -target arm64-apple-ios18.2-simulator -Xllvm -aarch64-use-tbi -enable-objc-interop -sdk /Applications/Xcode.app/Contents/Developer/Platforms/iPhoneSimulator.platform/Developer/SDKs/iPhoneSimulator18.2.sdk -I /Users/kareem/Library/Developer/Xcode/DerivedData/ArticalesApp-bmqrwhrpbladbmcpdixnlvujyubx/Build/Products/Debug-iphonesimulator -I /Applications/Xcode.app/Contents/Developer/Platforms/iPhoneSimulator.platform/Developer/usr/lib -F /Users/kareem/Library/Developer/Xcode/DerivedData/ArticalesApp-bmqrwhrpbladbmcpdixnlvujyubx/Build/Products/Debug-iphonesimulator -F /Applications/Xcode.app/Contents/Developer/Platforms/iPhoneSimulator.platform/Developer/Library/Frameworks -F /Applications/Xcode.app/Contents/Developer/Platforms/iPhoneSimulator.platform/Developer/SDKs/iPhoneSimulator18.2.sdk/Developer/Library/Frameworks -no-color-diagnostics -enable-testing -g -debug-info-format\=dwarf -dwarf-version\=5 -module-cache-path /Users/kareem/Library/Developer/Xcode/DerivedData/ModuleCache.noindex -profile-generate -profile-coverage-mapping -swift-version 5 -enforce-exclusivity\=checked -Onone -D DEBUG -serialize-debugging-options -const-gather-protocols-file /Users/kareem/Library/Developer/Xcode/DerivedData/ArticalesApp-bmqrwhrpbladbmcpdixnlvujyubx/Build/Intermediates.noindex/ArticalesApp.build/Debug-iphonesimulator/ArticalesAppTests.build/Objects-normal/arm64/ArticalesAppTests_const_extract_protocols.json -enable-experimental-feature DebugDescriptionMacro -enable-experimental-feature OpaqueTypeErasure -enable-bare-slash-regex -empty-abi-descriptor -plugin-path /Applications/Xcode.app/Contents/Developer/Toolchains/XcodeDefault.xctoolchain/usr/lib/swift/host/plugins/testing -validate-clang-modules-once -clang-build-session-file /Users/kareem/Library/Developer/Xcode/DerivedData/ModuleCache.noindex/Session.modulevalidation -Xcc -working-directory -Xcc /Users/kareem/ArticalesApp -resource-dir /Applications/Xcode.app/Contents/Developer/Toolchains/XcodeDefault.xctoolchain/usr/lib/swift -enable-anonymous-context-mangled-names -file-compilation-dir /Users/kareem/ArticalesApp -Xcc -D_LIBCPP_HARDENING_MODE\=_LIBCPP_HARDENING_MODE_DEBUG -Xcc -ivfsstatcache -Xcc /Users/kareem/Library/Developer/Xcode/DerivedData/SDKStatCaches.noindex/iphonesimulator18.2-22C146-07b28473f605e47e75261259d3ef3b5a.sdkstatcache -Xcc -I/Users/kareem/Library/Developer/Xcode/DerivedData/ArticalesApp-bmqrwhrpbladbmcpdixnlvujyubx/Build/Intermediates.noindex/ArticalesApp.build/Debug-iphonesimulator/ArticalesAppTests.build/swift-overrides.hmap -Xcc -iquote -Xcc /Users/kareem/Library/Developer/Xcode/DerivedData/ArticalesApp-bmqrwhrpbladbmcpdixnlvujyubx/Build/Intermediates.noindex/ArticalesApp.build/Debug-iphonesimulator/ArticalesAppTests.build/ArticalesAppTests-generated-files.hmap -Xcc -I/Users/kareem/Library/Developer/Xcode/DerivedData/ArticalesApp-bmqrwhrpbladbmcpdixnlvujyubx/Build/Intermediates.noindex/ArticalesApp.build/Debug-iphonesimulator/ArticalesAppTests.build/ArticalesAppTests-own-target-headers.hmap -Xcc -I/Users/kareem/Library/Developer/Xcode/DerivedData/ArticalesApp-bmqrwhrpbladbmcpdixnlvujyubx/Build/Intermediates.noindex/ArticalesApp.build/Debug-iphonesimulator/ArticalesAppTests.build/ArticalesAppTests-all-target-headers.hmap -Xcc -iquote -Xcc /Users/kareem/Library/Developer/Xcode/DerivedData/ArticalesApp-bmqrwhrpbladbmcpdixnlvujyubx/Build/Intermediates.noindex/ArticalesApp.build/Debug-iphonesimulator/ArticalesAppTests.build/ArticalesAppTests-project-headers.hmap -Xcc -I/Users/kareem/Library/Developer/Xcode/DerivedData/ArticalesApp-bmqrwhrpbladbmcpdixnlvujyubx/Build/Products/Debug-iphonesimulator/include -Xcc -I/Users/kareem/Library/Developer/Xcode/DerivedData/ArticalesApp-bmqrwhrpbladbmcpdixnlvujyubx/Build/Intermediates.noindex/ArticalesApp.build/Debug-iphonesimulator/ArticalesAppTests.build/DerivedSources-normal/arm64 -Xcc -I/Users/kareem/Library/Developer/Xcode/DerivedData/ArticalesApp-bmqrwhrpbladbmcpdixnlvujyubx/Build/Intermediates.noindex/ArticalesApp.build/Debug-iphonesimulator/ArticalesAppTests.build/DerivedSources/arm64 -Xcc -I/Users/kareem/Library/Developer/Xcode/DerivedData/ArticalesApp-bmqrwhrpbladbmcpdixnlvujyubx/Build/Intermediates.noindex/ArticalesApp.build/Debug-iphonesimulator/ArticalesAppTests.build/DerivedSources -Xcc -DDEBUG\=1 -module-name ArticalesAppTests -frontend-parseable-output -disable-clang-spi -target-sdk-version 18.2 -target-sdk-name iphonesimulator18.2 -external-plugin-path /Applications/Xcode.app/Contents/Developer/Platforms/iPhoneOS.platform/Developer/usr/lib/swift/host/plugins\#/Applications/Xcode.app/Contents/Developer/Platforms/iPhoneOS.platform/Developer/usr/bin/swift-plugin-server -external-plugin-path /Applications/Xcode.app/Contents/Developer/Platforms/iPhoneOS.platform/Developer/usr/local/lib/swift/host/plugins\#/Applications/Xcode.app/Contents/Developer/Platforms/iPhoneOS.platform/Developer/usr/bin/swift-plugin-server -plugin-path /Applications/Xcode.app/Contents/Developer/Toolchains/XcodeDefault.xctoolchain/usr/lib/swift/host/plugins -plugin-path /Applications/Xcode.app/Contents/Developer/Toolchains/XcodeDefault.xctoolchain/usr/local/lib/swift/host/plugins -o /Users/kareem/Library/Developer/Xcode/DerivedData/ArticalesApp-bmqrwhrpbladbmcpdixnlvujyubx/Build/Intermediates.noindex/ArticalesApp.build/Debug-iphonesimulator/ArticalesAppTests.build/Objects-normal/arm64/ArticlesInteractorTests.o -index-unit-output-path /ArticalesApp.build/Debug-iphonesimulator/ArticalesAppTests.build/Objects-normal/arm64/ArticlesInteractorTests.o -index-store-path /Users/kareem/Library/Developer/Xcode/DerivedData/ArticalesApp-bmqrwhrpbladbmcpdixnlvujyubx/Index.noindex/DataStore -index-system-modules&#10;&#10;ConstructStubExecutorLinkFileList /Users/kareem/Library/Developer/Xcode/DerivedData/ArticalesApp-bmqrwhrpbladbmcpdixnlvujyubx/Build/Intermediates.noindex/ArticalesApp.build/Debug-iphonesimulator/ArticalesApp.build/ArticalesApp-ExecutorLinkFileList-normal-arm64.txt (in target &apos;ArticalesApp&apos; from project &apos;ArticalesApp&apos;)&#10;    cd /Users/kareem/ArticalesApp&#10;    construct-stub-executor-link-file-list /Users/kareem/Library/Developer/Xcode/DerivedData/ArticalesApp-bmqrwhrpbladbmcpdixnlvujyubx/Build/Products/Debug-iphonesimulator/ArticalesApp.app/ArticalesApp.debug.dylib /Applications/Xcode.app/Contents/Developer/Platforms/iPhoneSimulator.platform/Developer/usr/lib/libPreviewsJITStubExecutor_no_swift_entry_point.a /Applications/Xcode.app/Contents/Developer/Platforms/iPhoneSimulator.platform/Developer/usr/lib/libPreviewsJITStubExecutor.a --output /Users/kareem/Library/Developer/Xcode/DerivedData/ArticalesApp-bmqrwhrpbladbmcpdixnlvujyubx/Build/Intermediates.noindex/ArticalesApp.build/Debug-iphonesimulator/ArticalesApp.build/ArticalesApp-ExecutorLinkFileList-normal-arm64.txt&#10;note: Using stub executor library with Swift entry point. (in target &apos;ArticalesApp&apos; from project &apos;ArticalesApp&apos;)&#10;&#10;Ld /Users/kareem/Library/Developer/Xcode/DerivedData/ArticalesApp-bmqrwhrpbladbmcpdixnlvujyubx/Build/Products/Debug-iphonesimulator/ArticalesApp.app/ArticalesApp normal (in target &apos;ArticalesApp&apos; from project &apos;ArticalesApp&apos;)&#10;    cd /Users/kareem/ArticalesApp&#10;    /Applications/Xcode.app/Contents/Developer/Toolchains/XcodeDefault.xctoolchain/usr/bin/clang -Xlinker -reproducible -target arm64-apple-ios18.2-simulator -isysroot /Applications/Xcode.app/Contents/Developer/Platforms/iPhoneSimulator.platform/Developer/SDKs/iPhoneSimulator18.2.sdk -O0 -L/Users/kareem/Library/Developer/Xcode/DerivedData/ArticalesApp-bmqrwhrpbladbmcpdixnlvujyubx/Build/Products/Debug-iphonesimulator -F/Users/kareem/Library/Developer/Xcode/DerivedData/ArticalesApp-bmqrwhrpbladbmcpdixnlvujyubx/Build/Products/Debug-iphonesimulator -Xlinker -rpath -Xlinker @executable_path -Xlinker -rpath -Xlinker @executable_path/Frameworks -Xlinker -export_dynamic -Xlinker -no_deduplicate -Xlinker -objc_abi_version -Xlinker 2 -Xlinker -debug_variant -e ___debug_blank_executor_main -Xlinker -sectcreate -Xlinker __TEXT -Xlinker __debug_dylib -Xlinker /Users/kareem/Library/Developer/Xcode/DerivedData/ArticalesApp-bmqrwhrpbladbmcpdixnlvujyubx/Build/Intermediates.noindex/ArticalesApp.build/Debug-iphonesimulator/ArticalesApp.build/ArticalesApp-DebugDylibPath-normal-arm64.txt -Xlinker -sectcreate -Xlinker __TEXT -Xlinker __debug_instlnm -Xlinker /Users/kareem/Library/Developer/Xcode/DerivedData/ArticalesApp-bmqrwhrpbladbmcpdixnlvujyubx/Build/Intermediates.noindex/ArticalesApp.build/Debug-iphonesimulator/ArticalesApp.build/ArticalesApp-DebugDylibInstallName-normal-arm64.txt -Xlinker -filelist -Xlinker /Users/kareem/Library/Developer/Xcode/DerivedData/ArticalesApp-bmqrwhrpbladbmcpdixnlvujyubx/Build/Intermediates.noindex/ArticalesApp.build/Debug-iphonesimulator/ArticalesApp.build/ArticalesApp-ExecutorLinkFileList-normal-arm64.txt -Xlinker -sectcreate -Xlinker __TEXT -Xlinker __entitlements -Xlinker /Users/kareem/Library/Developer/Xcode/DerivedData/ArticalesApp-bmqrwhrpbladbmcpdixnlvujyubx/Build/Intermediates.noindex/ArticalesApp.build/Debug-iphonesimulator/ArticalesApp.build/ArticalesApp.app-Simulated.xcent -Xlinker -sectcreate -Xlinker __TEXT -Xlinker __ents_der -Xlinker /Users/kareem/Library/Developer/Xcode/DerivedData/ArticalesApp-bmqrwhrpbladbmcpdixnlvujyubx/Build/Intermediates.noindex/ArticalesApp.build/Debug-iphonesimulator/ArticalesApp.build/ArticalesApp.app-Simulated.xcent.der /Users/kareem/Library/Developer/Xcode/DerivedData/ArticalesApp-bmqrwhrpbladbmcpdixnlvujyubx/Build/Products/Debug-iphonesimulator/ArticalesApp.app/ArticalesApp.debug.dylib -o /Users/kareem/Library/Developer/Xcode/DerivedData/ArticalesApp-bmqrwhrpbladbmcpdixnlvujyubx/Build/Products/Debug-iphonesimulator/ArticalesApp.app/ArticalesApp&#10;&#10;CopySwiftLibs /Users/kareem/Library/Developer/Xcode/DerivedData/ArticalesApp-bmqrwhrpbladbmcpdixnlvujyubx/Build/Products/Debug-iphonesimulator/ArticalesApp.app (in target &apos;ArticalesApp&apos; from project &apos;ArticalesApp&apos;)&#10;    cd /Users/kareem/ArticalesApp&#10;    builtin-swiftStdLibTool --copy --verbose --sign - --scan-executable /Users/kareem/Library/Developer/Xcode/DerivedData/ArticalesApp-bmqrwhrpbladbmcpdixnlvujyubx/Build/Products/Debug-iphonesimulator/ArticalesApp.app/ArticalesApp.debug.dylib --scan-folder /Users/kareem/Library/Developer/Xcode/DerivedData/ArticalesApp-bmqrwhrpbladbmcpdixnlvujyubx/Build/Products/Debug-iphonesimulator/ArticalesApp.app/Frameworks --scan-folder /Users/kareem/Library/Developer/Xcode/DerivedData/ArticalesApp-bmqrwhrpbladbmcpdixnlvujyubx/Build/Products/Debug-iphonesimulator/ArticalesApp.app/PlugIns --scan-folder /Users/kareem/Library/Developer/Xcode/DerivedData/ArticalesApp-bmqrwhrpbladbmcpdixnlvujyubx/Build/Products/Debug-iphonesimulator/ArticalesApp.app/SystemExtensions --scan-folder /Users/kareem/Library/Developer/Xcode/DerivedData/ArticalesApp-bmqrwhrpbladbmcpdixnlvujyubx/Build/Products/Debug-iphonesimulator/ArticalesApp.app/Extensions --platform iphonesimulator --toolchain /Applications/Xcode.app/Contents/Developer/Toolchains/XcodeDefault.xctoolchain --destination /Users/kareem/Library/Developer/Xcode/DerivedData/ArticalesApp-bmqrwhrpbladbmcpdixnlvujyubx/Build/Products/Debug-iphonesimulator/ArticalesApp.app/Frameworks --strip-bitcode --strip-bitcode-tool /Applications/Xcode.app/Contents/Developer/Toolchains/XcodeDefault.xctoolchain/usr/bin/bitcode_strip --emit-dependency-info /Users/kareem/Library/Developer/Xcode/DerivedData/ArticalesApp-bmqrwhrpbladbmcpdixnlvujyubx/Build/Intermediates.noindex/ArticalesApp.build/Debug-iphonesimulator/ArticalesApp.build/SwiftStdLibToolInputDependencies.dep --filter-for-swift-os&#10;&#10;ExtractAppIntentsMetadata (in target &apos;ArticalesApp&apos; from project &apos;ArticalesApp&apos;)&#10;    cd /Users/kareem/ArticalesApp&#10;    /Applications/Xcode.app/Contents/Developer/Toolchains/XcodeDefault.xctoolchain/usr/bin/appintentsmetadataprocessor --output /Users/kareem/Library/Developer/Xcode/DerivedData/ArticalesApp-bmqrwhrpbladbmcpdixnlvujyubx/Build/Products/Debug-iphonesimulator/ArticalesApp.app --toolchain-dir /Applications/Xcode.app/Contents/Developer/Toolchains/XcodeDefault.xctoolchain --module-name ArticalesApp --sdk-root /Applications/Xcode.app/Contents/Developer/Platforms/iPhoneSimulator.platform/Developer/SDKs/iPhoneSimulator18.2.sdk --xcode-version 16C5032a --platform-family iOS --deployment-target 18.2 --bundle-identifier com.kareem.ArticalesApp.ArticalesApp --target-triple arm64-apple-ios18.2-simulator --binary-file /Users/kareem/Library/Developer/Xcode/DerivedData/ArticalesApp-bmqrwhrpbladbmcpdixnlvujyubx/Build/Products/Debug-iphonesimulator/ArticalesApp.app/ArticalesApp --dependency-file /Users/kareem/Library/Developer/Xcode/DerivedData/ArticalesApp-bmqrwhrpbladbmcpdixnlvujyubx/Build/Intermediates.noindex/ArticalesApp.build/Debug-iphonesimulator/ArticalesApp.build/Objects-normal/arm64/ArticalesApp_dependency_info.dat --stringsdata-file /Users/kareem/Library/Developer/Xcode/DerivedData/ArticalesApp-bmqrwhrpbladbmcpdixnlvujyubx/Build/Intermediates.noindex/ArticalesApp.build/Debug-iphonesimulator/ArticalesApp.build/Objects-normal/arm64/ExtractedAppShortcutsMetadata.stringsdata --source-file-list /Users/kareem/Library/Developer/Xcode/DerivedData/ArticalesApp-bmqrwhrpbladbmcpdixnlvujyubx/Build/Intermediates.noindex/ArticalesApp.build/Debug-iphonesimulator/ArticalesApp.build/Objects-normal/arm64/ArticalesApp.SwiftFileList --metadata-file-list /Users/kareem/Library/Developer/Xcode/DerivedData/ArticalesApp-bmqrwhrpbladbmcpdixnlvujyubx/Build/Intermediates.noindex/ArticalesApp.build/Debug-iphonesimulator/ArticalesApp.build/ArticalesApp.DependencyMetadataFileList --swift-const-vals-list /Users/kareem/Library/Developer/Xcode/DerivedData/ArticalesApp-bmqrwhrpbladbmcpdixnlvujyubx/Build/Intermediates.noindex/ArticalesApp.build/Debug-iphonesimulator/ArticalesApp.build/Objects-normal/arm64/ArticalesApp.SwiftConstValuesFileList --compile-time-extraction --deployment-aware-processing --validate-assistant-intents&#10;note: Metadata extraction skipped. No AppIntents.framework dependency found. (in target &apos;ArticalesApp&apos; from project &apos;ArticalesApp&apos;)&#10;&#10;ProcessInfoPlistFile /Users/kareem/Library/Developer/Xcode/DerivedData/ArticalesApp-bmqrwhrpbladbmcpdixnlvujyubx/Build/Products/Debug-iphonesimulator/ArticalesApp.app/PlugIns/ArticalesAppTests.xctest/Info.plist /Users/kareem/Library/Developer/Xcode/DerivedData/ArticalesApp-bmqrwhrpbladbmcpdixnlvujyubx/Build/Intermediates.noindex/ArticalesApp.build/Debug-iphonesimulator/ArticalesAppTests.build/empty-ArticalesAppTests.plist (in target &apos;ArticalesAppTests&apos; from project &apos;ArticalesApp&apos;)&#10;    cd /Users/kareem/ArticalesApp&#10;    builtin-infoPlistUtility /Users/kareem/Library/Developer/Xcode/DerivedData/ArticalesApp-bmqrwhrpbladbmcpdixnlvujyubx/Build/Intermediates.noindex/ArticalesApp.build/Debug-iphonesimulator/ArticalesAppTests.build/empty-ArticalesAppTests.plist -producttype com.apple.product-type.bundle.unit-test -expandbuildsettings -format binary -platform iphonesimulator -o /Users/kareem/Library/Developer/Xcode/DerivedData/ArticalesApp-bmqrwhrpbladbmcpdixnlvujyubx/Build/Products/Debug-iphonesimulator/ArticalesApp.app/PlugIns/ArticalesAppTests.xctest/Info.plist&#10;&#10;SwiftDriverJobDiscovery normal arm64 Compiling ArticlesInteractorTests.swift (in target &apos;ArticalesAppTests&apos; from project &apos;ArticalesApp&apos;)&#10;&#10;SwiftDriverJobDiscovery normal arm64 Emitting module for ArticalesAppTests (in target &apos;ArticalesAppTests&apos; from project &apos;ArticalesApp&apos;)&#10;&#10;SwiftDriver\ Compilation\ Requirements ArticalesAppTests normal arm64 com.apple.xcode.tools.swift.compiler (in target &apos;ArticalesAppTests&apos; from project &apos;ArticalesApp&apos;)&#10;    cd /Users/kareem/ArticalesApp&#10;    builtin-Swift-Compilation-Requirements -- /Applications/Xcode.app/Contents/Developer/Toolchains/XcodeDefault.xctoolchain/usr/bin/swiftc -module-name ArticalesAppTests -Onone -enforce-exclusivity\=checked @/Users/kareem/Library/Developer/Xcode/DerivedData/ArticalesApp-bmqrwhrpbladbmcpdixnlvujyubx/Build/Intermediates.noindex/ArticalesApp.build/Debug-iphonesimulator/ArticalesAppTests.build/Objects-normal/arm64/ArticalesAppTests.SwiftFileList -DDEBUG -plugin-path /Applications/Xcode.app/Contents/Developer/Toolchains/XcodeDefault.xctoolchain/usr/lib/swift/host/plugins/testing -enable-bare-slash-regex -enable-experimental-feature DebugDescriptionMacro -sdk /Applications/Xcode.app/Contents/Developer/Platforms/iPhoneSimulator.platform/Developer/SDKs/iPhoneSimulator18.2.sdk -target arm64-apple-ios18.2-simulator -g -module-cache-path /Users/kareem/Library/Developer/Xcode/DerivedData/ModuleCache.noindex -Xfrontend -serialize-debugging-options -profile-coverage-mapping -profile-generate -enable-testing -index-store-path /Users/kareem/Library/Developer/Xcode/DerivedData/ArticalesApp-bmqrwhrpbladbmcpdixnlvujyubx/Index.noindex/DataStore -enable-experimental-feature OpaqueTypeErasure -Xcc -D_LIBCPP_HARDENING_MODE\=_LIBCPP_HARDENING_MODE_DEBUG -swift-version 5 -I /Users/kareem/Library/Developer/Xcode/DerivedData/ArticalesApp-bmqrwhrpbladbmcpdixnlvujyubx/Build/Products/Debug-iphonesimulator -I /Applications/Xcode.app/Contents/Developer/Platforms/iPhoneSimulator.platform/Developer/usr/lib -F /Users/kareem/Library/Developer/Xcode/DerivedData/ArticalesApp-bmqrwhrpbladbmcpdixnlvujyubx/Build/Products/Debug-iphonesimulator -F /Applications/Xcode.app/Contents/Developer/Platforms/iPhoneSimulator.platform/Developer/Library/Frameworks -F /Applications/Xcode.app/Contents/Developer/Platforms/iPhoneSimulator.platform/Developer/SDKs/iPhoneSimulator18.2.sdk/Developer/Library/Frameworks -c -j8 -enable-batch-mode -incremental -Xcc -ivfsstatcache -Xcc /Users/kareem/Library/Developer/Xcode/DerivedData/SDKStatCaches.noindex/iphonesimulator18.2-22C146-07b28473f605e47e75261259d3ef3b5a.sdkstatcache -output-file-map /Users/kareem/Library/Developer/Xcode/DerivedData/ArticalesApp-bmqrwhrpbladbmcpdixnlvujyubx/Build/Intermediates.noindex/ArticalesApp.build/Debug-iphonesimulator/ArticalesAppTests.build/Objects-normal/arm64/ArticalesAppTests-OutputFileMap.json -use-frontend-parseable-output -save-temps -no-color-diagnostics -serialize-diagnostics -emit-dependencies -emit-module -emit-module-path /Users/kareem/Library/Developer/Xcode/DerivedData/ArticalesApp-bmqrwhrpbladbmcpdixnlvujyubx/Build/Intermediates.noindex/ArticalesApp.build/Debug-iphonesimulator/ArticalesAppTests.build/Objects-normal/arm64/ArticalesAppTests.swiftmodule -validate-clang-modules-once -clang-build-session-file /Users/kareem/Library/Developer/Xcode/DerivedData/ModuleCache.noindex/Session.modulevalidation -Xcc -I/Users/kareem/Library/Developer/Xcode/DerivedData/ArticalesApp-bmqrwhrpbladbmcpdixnlvujyubx/Build/Intermediates.noindex/ArticalesApp.build/Debug-iphonesimulator/ArticalesAppTests.build/swift-overrides.hmap -emit-const-values -Xfrontend -const-gather-protocols-file -Xfrontend /Users/kareem/Library/Developer/Xcode/DerivedData/ArticalesApp-bmqrwhrpbladbmcpdixnlvujyubx/Build/Intermediates.noindex/ArticalesApp.build/Debug-iphonesimulator/ArticalesAppTests.build/Objects-normal/arm64/ArticalesAppTests_const_extract_protocols.json -Xcc -iquote -Xcc /Users/kareem/Library/Developer/Xcode/DerivedData/ArticalesApp-bmqrwhrpbladbmcpdixnlvujyubx/Build/Intermediates.noindex/ArticalesApp.build/Debug-iphonesimulator/ArticalesAppTests.build/ArticalesAppTests-generated-files.hmap -Xcc -I/Users/kareem/Library/Developer/Xcode/DerivedData/ArticalesApp-bmqrwhrpbladbmcpdixnlvujyubx/Build/Intermediates.noindex/ArticalesApp.build/Debug-iphonesimulator/ArticalesAppTests.build/ArticalesAppTests-own-target-headers.hmap -Xcc -I/Users/kareem/Library/Developer/Xcode/DerivedData/ArticalesApp-bmqrwhrpbladbmcpdixnlvujyubx/Build/Intermediates.noindex/ArticalesApp.build/Debug-iphonesimulator/ArticalesAppTests.build/ArticalesAppTests-all-target-headers.hmap -Xcc -iquote -Xcc /Users/kareem/Library/Developer/Xcode/DerivedData/ArticalesApp-bmqrwhrpbladbmcpdixnlvujyubx/Build/Intermediates.noindex/ArticalesApp.build/Debug-iphonesimulator/ArticalesAppTests.build/ArticalesAppTests-project-headers.hmap -Xcc -I/Users/kareem/Library/Developer/Xcode/DerivedData/ArticalesApp-bmqrwhrpbladbmcpdixnlvujyubx/Build/Products/Debug-iphonesimulator/include -Xcc -I/Users/kareem/Library/Developer/Xcode/DerivedData/ArticalesApp-bmqrwhrpbladbmcpdixnlvujyubx/Build/Intermediates.noindex/ArticalesApp.build/Debug-iphonesimulator/ArticalesAppTests.build/DerivedSources-normal/arm64 -Xcc -I/Users/kareem/Library/Developer/Xcode/DerivedData/ArticalesApp-bmqrwhrpbladbmcpdixnlvujyubx/Build/Intermediates.noindex/ArticalesApp.build/Debug-iphonesimulator/ArticalesAppTests.build/DerivedSources/arm64 -Xcc -I/Users/kareem/Library/Developer/Xcode/DerivedData/ArticalesApp-bmqrwhrpbladbmcpdixnlvujyubx/Build/Intermediates.noindex/ArticalesApp.build/Debug-iphonesimulator/ArticalesAppTests.build/DerivedSources -Xcc -DDEBUG\=1 -emit-objc-header -emit-objc-header-path /Users/kareem/Library/Developer/Xcode/DerivedData/ArticalesApp-bmqrwhrpbladbmcpdixnlvujyubx/Build/Intermediates.noindex/ArticalesApp.build/Debug-iphonesimulator/ArticalesAppTests.build/Objects-normal/arm64/ArticalesAppTests-Swift.h -working-directory /Users/kareem/ArticalesApp -experimental-emit-module-separately -disable-cmo&#10;&#10;SwiftDriver\ Compilation ArticalesAppTests normal arm64 com.apple.xcode.tools.swift.compiler (in target &apos;ArticalesAppTests&apos; from project &apos;ArticalesApp&apos;)&#10;    cd /Users/kareem/ArticalesApp&#10;    builtin-Swift-Compilation -- /Applications/Xcode.app/Contents/Developer/Toolchains/XcodeDefault.xctoolchain/usr/bin/swiftc -module-name ArticalesAppTests -Onone -enforce-exclusivity\=checked @/Users/kareem/Library/Developer/Xcode/DerivedData/ArticalesApp-bmqrwhrpbladbmcpdixnlvujyubx/Build/Intermediates.noindex/ArticalesApp.build/Debug-iphonesimulator/ArticalesAppTests.build/Objects-normal/arm64/ArticalesAppTests.SwiftFileList -DDEBUG -plugin-path /Applications/Xcode.app/Contents/Developer/Toolchains/XcodeDefault.xctoolchain/usr/lib/swift/host/plugins/testing -enable-bare-slash-regex -enable-experimental-feature DebugDescriptionMacro -sdk /Applications/Xcode.app/Contents/Developer/Platforms/iPhoneSimulator.platform/Developer/SDKs/iPhoneSimulator18.2.sdk -target arm64-apple-ios18.2-simulator -g -module-cache-path /Users/kareem/Library/Developer/Xcode/DerivedData/ModuleCache.noindex -Xfrontend -serialize-debugging-options -profile-coverage-mapping -profile-generate -enable-testing -index-store-path /Users/kareem/Library/Developer/Xcode/DerivedData/ArticalesApp-bmqrwhrpbladbmcpdixnlvujyubx/Index.noindex/DataStore -enable-experimental-feature OpaqueTypeErasure -Xcc -D_LIBCPP_HARDENING_MODE\=_LIBCPP_HARDENING_MODE_DEBUG -swift-version 5 -I /Users/kareem/Library/Developer/Xcode/DerivedData/ArticalesApp-bmqrwhrpbladbmcpdixnlvujyubx/Build/Products/Debug-iphonesimulator -I /Applications/Xcode.app/Contents/Developer/Platforms/iPhoneSimulator.platform/Developer/usr/lib -F /Users/kareem/Library/Developer/Xcode/DerivedData/ArticalesApp-bmqrwhrpbladbmcpdixnlvujyubx/Build/Products/Debug-iphonesimulator -F /Applications/Xcode.app/Contents/Developer/Platforms/iPhoneSimulator.platform/Developer/Library/Frameworks -F /Applications/Xcode.app/Contents/Developer/Platforms/iPhoneSimulator.platform/Developer/SDKs/iPhoneSimulator18.2.sdk/Developer/Library/Frameworks -c -j8 -enable-batch-mode -incremental -Xcc -ivfsstatcache -Xcc /Users/kareem/Library/Developer/Xcode/DerivedData/SDKStatCaches.noindex/iphonesimulator18.2-22C146-07b28473f605e47e75261259d3ef3b5a.sdkstatcache -output-file-map /Users/kareem/Library/Developer/Xcode/DerivedData/ArticalesApp-bmqrwhrpbladbmcpdixnlvujyubx/Build/Intermediates.noindex/ArticalesApp.build/Debug-iphonesimulator/ArticalesAppTests.build/Objects-normal/arm64/ArticalesAppTests-OutputFileMap.json -use-frontend-parseable-output -save-temps -no-color-diagnostics -serialize-diagnostics -emit-dependencies -emit-module -emit-module-path /Users/kareem/Library/Developer/Xcode/DerivedData/ArticalesApp-bmqrwhrpbladbmcpdixnlvujyubx/Build/Intermediates.noindex/ArticalesApp.build/Debug-iphonesimulator/ArticalesAppTests.build/Objects-normal/arm64/ArticalesAppTests.swiftmodule -validate-clang-modules-once -clang-build-session-file /Users/kareem/Library/Developer/Xcode/DerivedData/ModuleCache.noindex/Session.modulevalidation -Xcc -I/Users/kareem/Library/Developer/Xcode/DerivedData/ArticalesApp-bmqrwhrpbladbmcpdixnlvujyubx/Build/Intermediates.noindex/ArticalesApp.build/Debug-iphonesimulator/ArticalesAppTests.build/swift-overrides.hmap -emit-const-values -Xfrontend -const-gather-protocols-file -Xfrontend /Users/kareem/Library/Developer/Xcode/DerivedData/ArticalesApp-bmqrwhrpbladbmcpdixnlvujyubx/Build/Intermediates.noindex/ArticalesApp.build/Debug-iphonesimulator/ArticalesAppTests.build/Objects-normal/arm64/ArticalesAppTests_const_extract_protocols.json -Xcc -iquote -Xcc /Users/kareem/Library/Developer/Xcode/DerivedData/ArticalesApp-bmqrwhrpbladbmcpdixnlvujyubx/Build/Intermediates.noindex/ArticalesApp.build/Debug-iphonesimulator/ArticalesAppTests.build/ArticalesAppTests-generated-files.hmap -Xcc -I/Users/kareem/Library/Developer/Xcode/DerivedData/ArticalesApp-bmqrwhrpbladbmcpdixnlvujyubx/Build/Intermediates.noindex/ArticalesApp.build/Debug-iphonesimulator/ArticalesAppTests.build/ArticalesAppTests-own-target-headers.hmap -Xcc -I/Users/kareem/Library/Developer/Xcode/DerivedData/ArticalesApp-bmqrwhrpbladbmcpdixnlvujyubx/Build/Intermediates.noindex/ArticalesApp.build/Debug-iphonesimulator/ArticalesAppTests.build/ArticalesAppTests-all-target-headers.hmap -Xcc -iquote -Xcc /Users/kareem/Library/Developer/Xcode/DerivedData/ArticalesApp-bmqrwhrpbladbmcpdixnlvujyubx/Build/Intermediates.noindex/ArticalesApp.build/Debug-iphonesimulator/ArticalesAppTests.build/ArticalesAppTests-project-headers.hmap -Xcc -I/Users/kareem/Library/Developer/Xcode/DerivedData/ArticalesApp-bmqrwhrpbladbmcpdixnlvujyubx/Build/Products/Debug-iphonesimulator/include -Xcc -I/Users/kareem/Library/Developer/Xcode/DerivedData/ArticalesApp-bmqrwhrpbladbmcpdixnlvujyubx/Build/Intermediates.noindex/ArticalesApp.build/Debug-iphonesimulator/ArticalesAppTests.build/DerivedSources-normal/arm64 -Xcc -I/Users/kareem/Library/Developer/Xcode/DerivedData/ArticalesApp-bmqrwhrpbladbmcpdixnlvujyubx/Build/Intermediates.noindex/ArticalesApp.build/Debug-iphonesimulator/ArticalesAppTests.build/DerivedSources/arm64 -Xcc -I/Users/kareem/Library/Developer/Xcode/DerivedData/ArticalesApp-bmqrwhrpbladbmcpdixnlvujyubx/Build/Intermediates.noindex/ArticalesApp.build/Debug-iphonesimulator/ArticalesAppTests.build/DerivedSources -Xcc -DDEBUG\=1 -emit-objc-header -emit-objc-header-path /Users/kareem/Library/Developer/Xcode/DerivedData/ArticalesApp-bmqrwhrpbladbmcpdixnlvujyubx/Build/Intermediates.noindex/ArticalesApp.build/Debug-iphonesimulator/ArticalesAppTests.build/Objects-normal/arm64/ArticalesAppTests-Swift.h -working-directory /Users/kareem/ArticalesApp -experimental-emit-module-separately -disable-cmo&#10;&#10;Copy /Users/kareem/Library/Developer/Xcode/DerivedData/ArticalesApp-bmqrwhrpbladbmcpdixnlvujyubx/Build/Products/Debug-iphonesimulator/ArticalesAppTests.swiftmodule/Project/arm64-apple-ios-simulator.swiftsourceinfo /Users/kareem/Library/Developer/Xcode/DerivedData/ArticalesApp-bmqrwhrpbladbmcpdixnlvujyubx/Build/Intermediates.noindex/ArticalesApp.build/Debug-iphonesimulator/ArticalesAppTests.build/Objects-normal/arm64/ArticalesAppTests.swiftsourceinfo (in target &apos;ArticalesAppTests&apos; from project &apos;ArticalesApp&apos;)&#10;    cd /Users/kareem/ArticalesApp&#10;    builtin-copy -exclude .DS_Store -exclude CVS -exclude .svn -exclude .git -exclude .hg -resolve-src-symlinks -rename /Users/kareem/Library/Developer/Xcode/DerivedData/ArticalesApp-bmqrwhrpbladbmcpdixnlvujyubx/Build/Intermediates.noindex/ArticalesApp.build/Debug-iphonesimulator/ArticalesAppTests.build/Objects-normal/arm64/ArticalesAppTests.swiftsourceinfo /Users/kareem/Library/Developer/Xcode/DerivedData/ArticalesApp-bmqrwhrpbladbmcpdixnlvujyubx/Build/Products/Debug-iphonesimulator/ArticalesAppTests.swiftmodule/Project/arm64-apple-ios-simulator.swiftsourceinfo&#10;&#10;Ld /Users/kareem/Library/Developer/Xcode/DerivedData/ArticalesApp-bmqrwhrpbladbmcpdixnlvujyubx/Build/Products/Debug-iphonesimulator/ArticalesApp.app/PlugIns/ArticalesAppTests.xctest/ArticalesAppTests normal (in target &apos;ArticalesAppTests&apos; from project &apos;ArticalesApp&apos;)&#10;    cd /Users/kareem/ArticalesApp&#10;    /Applications/Xcode.app/Contents/Developer/Toolchains/XcodeDefault.xctoolchain/usr/bin/clang -Xlinker -reproducible -target arm64-apple-ios18.2-simulator -bundle -isysroot /Applications/Xcode.app/Contents/Developer/Platforms/iPhoneSimulator.platform/Developer/SDKs/iPhoneSimulator18.2.sdk -O0 -L/Users/kareem/Library/Developer/Xcode/DerivedData/ArticalesApp-bmqrwhrpbladbmcpdixnlvujyubx/Build/Intermediates.noindex/EagerLinkingTBDs/Debug-iphonesimulator -L/Users/kareem/Library/Developer/Xcode/DerivedData/ArticalesApp-bmqrwhrpbladbmcpdixnlvujyubx/Build/Products/Debug-iphonesimulator -L/Applications/Xcode.app/Contents/Developer/Platforms/iPhoneSimulator.platform/Developer/usr/lib -F/Users/kareem/Library/Developer/Xcode/DerivedData/ArticalesApp-bmqrwhrpbladbmcpdixnlvujyubx/Build/Intermediates.noindex/EagerLinkingTBDs/Debug-iphonesimulator -F/Users/kareem/Library/Developer/Xcode/DerivedData/ArticalesApp-bmqrwhrpbladbmcpdixnlvujyubx/Build/Products/Debug-iphonesimulator -iframework /Applications/Xcode.app/Contents/Developer/Platforms/iPhoneSimulator.platform/Developer/Library/Frameworks -iframework /Applications/Xcode.app/Contents/Developer/Platforms/iPhoneSimulator.platform/Developer/SDKs/iPhoneSimulator18.2.sdk/Developer/Library/Frameworks -filelist /Users/kareem/Library/Developer/Xcode/DerivedData/ArticalesApp-bmqrwhrpbladbmcpdixnlvujyubx/Build/Intermediates.noindex/ArticalesApp.build/Debug-iphonesimulator/ArticalesAppTests.build/Objects-normal/arm64/ArticalesAppTests.LinkFileList -Xlinker -rpath -Xlinker @loader_path/Frameworks -Xlinker -rpath -Xlinker @executable_path/Frameworks -dead_strip -bundle_loader /Users/kareem/Library/Developer/Xcode/DerivedData/ArticalesApp-bmqrwhrpbladbmcpdixnlvujyubx/Build/Products/Debug-iphonesimulator/ArticalesApp.app//ArticalesApp -Xlinker -object_path_lto -Xlinker /Users/kareem/Library/Developer/Xcode/DerivedData/ArticalesApp-bmqrwhrpbladbmcpdixnlvujyubx/Build/Intermediates.noindex/ArticalesApp.build/Debug-iphonesimulator/ArticalesAppTests.build/Objects-normal/arm64/ArticalesAppTests_lto.o -Xlinker -export_dynamic -Xlinker -no_deduplicate -Xlinker -objc_abi_version -Xlinker 2 -Xlinker -debug_variant -fobjc-link-runtime -fprofile-instr-generate -L/Applications/Xcode.app/Contents/Developer/Toolchains/XcodeDefault.xctoolchain/usr/lib/swift/iphonesimulator -L/usr/lib/swift -Xlinker -add_ast_path -Xlinker /Users/kareem/Library/Developer/Xcode/DerivedData/ArticalesApp-bmqrwhrpbladbmcpdixnlvujyubx/Build/Intermediates.noindex/ArticalesApp.build/Debug-iphonesimulator/ArticalesAppTests.build/Objects-normal/arm64/ArticalesAppTests.swiftmodule -framework XCTest -lXCTestSwiftSupport /Users/kareem/Library/Developer/Xcode/DerivedData/ArticalesApp-bmqrwhrpbladbmcpdixnlvujyubx/Build/Products/Debug-iphonesimulator/ArticalesApp.app/ArticalesApp.debug.dylib -Xlinker -no_adhoc_codesign -Xlinker -dependency_info -Xlinker /Users/kareem/Library/Developer/Xcode/DerivedData/ArticalesApp-bmqrwhrpbladbmcpdixnlvujyubx/Build/Intermediates.noindex/ArticalesApp.build/Debug-iphonesimulator/ArticalesAppTests.build/Objects-normal/arm64/ArticalesAppTests_dependency_info.dat -o /Users/kareem/Library/Developer/Xcode/DerivedData/ArticalesApp-bmqrwhrpbladbmcpdixnlvujyubx/Build/Products/Debug-iphonesimulator/ArticalesApp.app/PlugIns/ArticalesAppTests.xctest/ArticalesAppTests&#10;&#10;Copy /Users/kareem/Library/Developer/Xcode/DerivedData/ArticalesApp-bmqrwhrpbladbmcpdixnlvujyubx/Build/Products/Debug-iphonesimulator/ArticalesAppTests.swiftmodule/arm64-apple-ios-simulator.abi.json /Users/kareem/Library/Developer/Xcode/DerivedData/ArticalesApp-bmqrwhrpbladbmcpdixnlvujyubx/Build/Intermediates.noindex/ArticalesApp.build/Debug-iphonesimulator/ArticalesAppTests.build/Objects-normal/arm64/ArticalesAppTests.abi.json (in target &apos;ArticalesAppTests&apos; from project &apos;ArticalesApp&apos;)&#10;    cd /Users/kareem/ArticalesApp&#10;    builtin-copy -exclude .DS_Store -exclude CVS -exclude .svn -exclude .git -exclude .hg -resolve-src-symlinks -rename /Users/kareem/Library/Developer/Xcode/DerivedData/ArticalesApp-bmqrwhrpbladbmcpdixnlvujyubx/Build/Intermediates.noindex/ArticalesApp.build/Debug-iphonesimulator/ArticalesAppTests.build/Objects-normal/arm64/ArticalesAppTests.abi.json /Users/kareem/Library/Developer/Xcode/DerivedData/ArticalesApp-bmqrwhrpbladbmcpdixnlvujyubx/Build/Products/Debug-iphonesimulator/ArticalesAppTests.swiftmodule/arm64-apple-ios-simulator.abi.json&#10;&#10;CopySwiftLibs /Users/kareem/Library/Developer/Xcode/DerivedData/ArticalesApp-bmqrwhrpbladbmcpdixnlvujyubx/Build/Products/Debug-iphonesimulator/ArticalesApp.app/PlugIns/ArticalesAppTests.xctest (in target &apos;ArticalesAppTests&apos; from project &apos;ArticalesApp&apos;)&#10;    cd /Users/kareem/ArticalesApp&#10;    builtin-swiftStdLibTool --copy --verbose --sign - --scan-executable /Users/kareem/Library/Developer/Xcode/DerivedData/ArticalesApp-bmqrwhrpbladbmcpdixnlvujyubx/Build/Products/Debug-iphonesimulator/ArticalesApp.app/PlugIns/ArticalesAppTests.xctest/ArticalesAppTests --scan-folder /Users/kareem/Library/Developer/Xcode/DerivedData/ArticalesApp-bmqrwhrpbladbmcpdixnlvujyubx/Build/Products/Debug-iphonesimulator/ArticalesApp.app/PlugIns/ArticalesAppTests.xctest/Frameworks --scan-folder /Users/kareem/Library/Developer/Xcode/DerivedData/ArticalesApp-bmqrwhrpbladbmcpdixnlvujyubx/Build/Products/Debug-iphonesimulator/ArticalesApp.app/PlugIns/ArticalesAppTests.xctest/PlugIns --scan-folder /Users/kareem/Library/Developer/Xcode/DerivedData/ArticalesApp-bmqrwhrpbladbmcpdixnlvujyubx/Build/Products/Debug-iphonesimulator/ArticalesApp.app/PlugIns/ArticalesAppTests.xctest/SystemExtensions --scan-folder /Users/kareem/Library/Developer/Xcode/DerivedData/ArticalesApp-bmqrwhrpbladbmcpdixnlvujyubx/Build/Products/Debug-iphonesimulator/ArticalesApp.app/PlugIns/ArticalesAppTests.xctest/Extensions --platform iphonesimulator --toolchain /Applications/Xcode.app/Contents/Developer/Toolchains/XcodeDefault.xctoolchain --destination /Users/kareem/Library/Developer/Xcode/DerivedData/ArticalesApp-bmqrwhrpbladbmcpdixnlvujyubx/Build/Products/Debug-iphonesimulator/ArticalesApp.app/PlugIns/ArticalesAppTests.xctest/Frameworks --strip-bitcode --scan-executable /Applications/Xcode.app/Contents/Developer/Platforms/iPhoneSimulator.platform/Developer/usr/lib/libXCTestSwiftSupport.dylib --strip-bitcode-tool /Applications/Xcode.app/Contents/Developer/Toolchains/XcodeDefault.xctoolchain/usr/bin/bitcode_strip --emit-dependency-info /Users/kareem/Library/Developer/Xcode/DerivedData/ArticalesApp-bmqrwhrpbladbmcpdixnlvujyubx/Build/Intermediates.noindex/ArticalesApp.build/Debug-iphonesimulator/ArticalesAppTests.build/SwiftStdLibToolInputDependencies.dep --filter-for-swift-os&#10;&#10;ExtractAppIntentsMetadata (in target &apos;ArticalesAppTests&apos; from project &apos;ArticalesApp&apos;)&#10;    cd /Users/kareem/ArticalesApp&#10;    /Applications/Xcode.app/Contents/Developer/Toolchains/XcodeDefault.xctoolchain/usr/bin/appintentsmetadataprocessor --output /Users/kareem/Library/Developer/Xcode/DerivedData/ArticalesApp-bmqrwhrpbladbmcpdixnlvujyubx/Build/Products/Debug-iphonesimulator/ArticalesApp.app/PlugIns/ArticalesAppTests.xctest --toolchain-dir /Applications/Xcode.app/Contents/Developer/Toolchains/XcodeDefault.xctoolchain --module-name ArticalesAppTests --sdk-root /Applications/Xcode.app/Contents/Developer/Platforms/iPhoneSimulator.platform/Developer/SDKs/iPhoneSimulator18.2.sdk --xcode-version 16C5032a --platform-family iOS --deployment-target 18.2 --bundle-identifier com.kareem.ArticalesApp.ArticalesAppTests --target-triple arm64-apple-ios18.2-simulator --binary-file /Users/kareem/Library/Developer/Xcode/DerivedData/ArticalesApp-bmqrwhrpbladbmcpdixnlvujyubx/Build/Products/Debug-iphonesimulator/ArticalesApp.app/PlugIns/ArticalesAppTests.xctest/ArticalesAppTests --dependency-file /Users/kareem/Library/Developer/Xcode/DerivedData/ArticalesApp-bmqrwhrpbladbmcpdixnlvujyubx/Build/Intermediates.noindex/ArticalesApp.build/Debug-iphonesimulator/ArticalesAppTests.build/Objects-normal/arm64/ArticalesAppTests_dependency_info.dat --stringsdata-file /Users/kareem/Library/Developer/Xcode/DerivedData/ArticalesApp-bmqrwhrpbladbmcpdixnlvujyubx/Build/Intermediates.noindex/ArticalesApp.build/Debug-iphonesimulator/ArticalesAppTests.build/Objects-normal/arm64/ExtractedAppShortcutsMetadata.stringsdata --source-file-list /Users/kareem/Library/Developer/Xcode/DerivedData/ArticalesApp-bmqrwhrpbladbmcpdixnlvujyubx/Build/Intermediates.noindex/ArticalesApp.build/Debug-iphonesimulator/ArticalesAppTests.build/Objects-normal/arm64/ArticalesAppTests.SwiftFileList --metadata-file-list /Users/kareem/Library/Developer/Xcode/DerivedData/ArticalesApp-bmqrwhrpbladbmcpdixnlvujyubx/Build/Intermediates.noindex/ArticalesApp.build/Debug-iphonesimulator/ArticalesAppTests.build/ArticalesAppTests.DependencyMetadataFileList --swift-const-vals-list /Users/kareem/Library/Developer/Xcode/DerivedData/ArticalesApp-bmqrwhrpbladbmcpdixnlvujyubx/Build/Intermediates.noindex/ArticalesApp.build/Debug-iphonesimulator/ArticalesAppTests.build/Objects-normal/arm64/ArticalesAppTests.SwiftConstValuesFileList --compile-time-extraction --deployment-aware-processing --validate-assistant-intents&#10;note: Metadata extraction skipped. No AppIntents.framework dependency found. (in target &apos;ArticalesAppTests&apos; from project &apos;ArticalesApp&apos;)&#10;&#10;AppIntentsSSUTraining (in target &apos;ArticalesAppTests&apos; from project &apos;ArticalesApp&apos;)&#10;    cd /Users/kareem/ArticalesApp&#10;    /Applications/Xcode.app/Contents/Developer/Toolchains/XcodeDefault.xctoolchain/usr/bin/appintentsnltrainingprocessor --infoplist-path /Users/kareem/Library/Developer/Xcode/DerivedData/ArticalesApp-bmqrwhrpbladbmcpdixnlvujyubx/Build/Products/Debug-iphonesimulator/ArticalesApp.app/PlugIns/ArticalesAppTests.xctest/Info.plist --temp-dir-path /Users/kareem/Library/Developer/Xcode/DerivedData/ArticalesApp-bmqrwhrpbladbmcpdixnlvujyubx/Build/Intermediates.noindex/ArticalesApp.build/Debug-iphonesimulator/ArticalesAppTests.build/ssu --bundle-id com.kareem.ArticalesApp.ArticalesAppTests --product-path /Users/kareem/Library/Developer/Xcode/DerivedData/ArticalesApp-bmqrwhrpbladbmcpdixnlvujyubx/Build/Products/Debug-iphonesimulator/ArticalesApp.app/PlugIns/ArticalesAppTests.xctest --extracted-metadata-path /Users/kareem/Library/Developer/Xcode/DerivedData/ArticalesApp-bmqrwhrpbladbmcpdixnlvujyubx/Build/Products/Debug-iphonesimulator/ArticalesApp.app/PlugIns/ArticalesAppTests.xctest/Metadata.appintents --archive-ssu-assets&#10;2025-06-29 17:40:38.964 appintentsnltrainingprocessor[27810:5449660] Parsing options for appintentsnltrainingprocessor&#10;2025-06-29 17:40:38.965 appintentsnltrainingprocessor[27810:5449660] No AppShortcuts found - Skipping.&#10;&#10;CodeSign /Users/kareem/Library/Developer/Xcode/DerivedData/ArticalesApp-bmqrwhrpbladbmcpdixnlvujyubx/Build/Products/Debug-iphonesimulator/ArticalesApp.app/PlugIns/ArticalesAppTests.xctest (in target &apos;ArticalesAppTests&apos; from project &apos;ArticalesApp&apos;)&#10;    cd /Users/kareem/ArticalesApp&#10;    &#10;    Signing Identity:     &quot;Sign to Run Locally&quot;&#10;    &#10;    /usr/bin/codesign --force --sign - --timestamp\=none --generate-entitlement-der /Users/kareem/Library/Developer/Xcode/DerivedData/ArticalesApp-bmqrwhrpbladbmcpdixnlvujyubx/Build/Products/Debug-iphonesimulator/ArticalesApp.app/PlugIns/ArticalesAppTests.xctest&#10;&#10;RegisterExecutionPolicyException /Users/kareem/Library/Developer/Xcode/DerivedData/ArticalesApp-bmqrwhrpbladbmcpdixnlvujyubx/Build/Products/Debug-iphonesimulator/ArticalesApp.app/PlugIns/ArticalesAppTests.xctest (in target &apos;ArticalesAppTests&apos; from project &apos;ArticalesApp&apos;)&#10;    cd /Users/kareem/ArticalesApp&#10;    builtin-RegisterExecutionPolicyException /Users/kareem/Library/Developer/Xcode/DerivedData/ArticalesApp-bmqrwhrpbladbmcpdixnlvujyubx/Build/Products/Debug-iphonesimulator/ArticalesApp.app/PlugIns/ArticalesAppTests.xctest&#10;&#10;Touch /Users/kareem/Library/Developer/Xcode/DerivedData/ArticalesApp-bmqrwhrpbladbmcpdixnlvujyubx/Build/Products/Debug-iphonesimulator/ArticalesApp.app/PlugIns/ArticalesAppTests.xctest (in target &apos;ArticalesAppTests&apos; from project &apos;ArticalesApp&apos;)&#10;    cd /Users/kareem/ArticalesApp&#10;    /usr/bin/touch -c /Users/kareem/Library/Developer/Xcode/DerivedData/ArticalesApp-bmqrwhrpbladbmcpdixnlvujyubx/Build/Products/Debug-iphonesimulator/ArticalesApp.app/PlugIns/ArticalesAppTests.xctest&#10;&#10;CodeSign /Users/kareem/Library/Developer/Xcode/DerivedData/ArticalesApp-bmqrwhrpbladbmcpdixnlvujyubx/Build/Products/Debug-iphonesimulator/ArticalesApp.app/ArticalesApp.debug.dylib (in target &apos;ArticalesApp&apos; from project &apos;ArticalesApp&apos;)&#10;    cd /Users/kareem/ArticalesApp&#10;    &#10;    Signing Identity:     &quot;Sign to Run Locally&quot;&#10;    &#10;    /usr/bin/codesign --force --sign - --timestamp\=none --generate-entitlement-der /Users/kareem/Library/Developer/Xcode/DerivedData/ArticalesApp-bmqrwhrpbladbmcpdixnlvujyubx/Build/Products/Debug-iphonesimulator/ArticalesApp.app/ArticalesApp.debug.dylib&#10;&#10;CodeSign /Users/kareem/Library/Developer/Xcode/DerivedData/ArticalesApp-bmqrwhrpbladbmcpdixnlvujyubx/Build/Products/Debug-iphonesimulator/ArticalesApp.app/__preview.dylib (in target &apos;ArticalesApp&apos; from project &apos;ArticalesApp&apos;)&#10;    cd /Users/kareem/ArticalesApp&#10;    &#10;    Signing Identity:     &quot;Sign to Run Locally&quot;&#10;    &#10;    /usr/bin/codesign --force --sign - --timestamp\=none --generate-entitlement-der /Users/kareem/Library/Developer/Xcode/DerivedData/ArticalesApp-bmqrwhrpbladbmcpdixnlvujyubx/Build/Products/Debug-iphonesimulator/ArticalesApp.app/__preview.dylib&#10;/Users/kareem/Library/Developer/Xcode/DerivedData/ArticalesApp-bmqrwhrpbladbmcpdixnlvujyubx/Build/Products/Debug-iphonesimulator/ArticalesApp.app/__preview.dylib: replacing existing signature&#10;&#10;CodeSign /Users/kareem/Library/Developer/Xcode/DerivedData/ArticalesApp-bmqrwhrpbladbmcpdixnlvujyubx/Build/Products/Debug-iphonesimulator/ArticalesApp.app (in target &apos;ArticalesApp&apos; from project &apos;ArticalesApp&apos;)&#10;    cd /Users/kareem/ArticalesApp&#10;    &#10;    Signing Identity:     &quot;Sign to Run Locally&quot;&#10;    &#10;    /usr/bin/codesign --force --sign - --timestamp\=none --generate-entitlement-der /Users/kareem/Library/Developer/Xcode/DerivedData/ArticalesApp-bmqrwhrpbladbmcpdixnlvujyubx/Build/Products/Debug-iphonesimulator/ArticalesApp.app&#10;/Users/kareem/Library/Developer/Xcode/DerivedData/ArticalesApp-bmqrwhrpbladbmcpdixnlvujyubx/Build/Products/Debug-iphonesimulator/ArticalesApp.app: replacing existing signature&#10;&#10;Validate /Users/kareem/Library/Developer/Xcode/DerivedData/ArticalesApp-bmqrwhrpbladbmcpdixnlvujyubx/Build/Products/Debug-iphonesimulator/ArticalesApp.app (in target &apos;ArticalesApp&apos; from project &apos;ArticalesApp&apos;)&#10;    cd /Users/kareem/ArticalesApp&#10;    builtin-validationUtility /Users/kareem/Library/Developer/Xcode/DerivedData/ArticalesApp-bmqrwhrpbladbmcpdixnlvujyubx/Build/Products/Debug-iphonesimulator/ArticalesApp.app -infoplist-subpath Info.plist&#10;&#10;2025-06-29 17:42:24.305 xcodebuild[27760:5448881] [MT] IDETestOperationsObserverDebug: 105.202 elapsed -- Testing started completed.&#10;2025-06-29 17:42:24.307 xcodebuild[27760:5448881] [MT] IDETestOperationsObserverDebug: 0.000 sec, +0.000 sec -- start&#10;2025-06-29 17:42:24.307 xcodebuild[27760:5448881] [MT] IDETestOperationsObserverDebug: 105.202 sec, +105.202 sec -- end&#10;&#10;Test session results, code coverage, and logs:&#10;	/Users/kareem/Library/Developer/Xcode/DerivedData/ArticalesApp-bmqrwhrpbladbmcpdixnlvujyubx/Logs/Test/Test-ArticalesApp-2025.06.29_17-40-22-+0300.xcresult&#10;&#10;Failing tests:&#10;	ArticlesInteractorTests.testFetchArticles_NetworkFailure()&#10;&#10;** TEST FAILED **&#10;&#10;Testing started&#10;Test suite &apos;ArticlesInteractorTests&apos; started on &apos;Clone 1 of iPhone 16 Pro - ArticalesApp (28044)&apos;&#10;Test case &apos;ArticlesInteractorTests.testFetchArticles_EmptyResponse()&apos; passed on &apos;Clone 1 of iPhone 16 Pro - ArticalesApp (28044)&apos; (1.209 seconds)&#10;Test case &apos;ArticlesInteractorTests.testFetchArticles_NetworkFailure()&apos; failed on &apos;Clone 1 of iPhone 16 Pro - ArticalesApp (28044)&apos; (1.640 seconds)&#10;Test case &apos;ArticlesInteractorTests.testFetchArticles_NetworkSuccess()&apos; passed on &apos;Clone 1 of iPhone 16 Pro - ArticalesApp (28044)&apos; (0.133 seconds)&#10;Test case &apos;ArticlesInteractorTests.testInteractorHasNetworkClient()&apos; passed on &apos;Clone 1 of iPhone 16 Pro - ArticalesApp (28044)&apos; (0.021 seconds)&#10;Test case &apos;ArticlesInteractorTests.testInteractorInitialization()&apos; passed on &apos;Clone 1 of iPhone 16 Pro - ArticalesApp (28044)&apos; (0.002 seconds)&#10;Test case &apos;ArticlesInteractorTests.testMockNetworkClientConfiguration()&apos; passed on &apos;Clone 1 of iPhone 16 Pro - ArticalesApp (28044)&apos; (0.001 seconds)&#10;" />
        
      </testcase>
    
  </testsuite>
</testsuites>
